#
# A fatal error has been detected by the Java Runtime Environment:
#
#  EXCEPTION_ACCESS_VIOLATION (0xc0000005) at pc=0x000000006c1ada94, pid=4280, tid=4888
#
# JRE version: Java(TM) SE Runtime Environment (8.0_65-b17) (build 1.8.0_65-b17)
# Java VM: Java HotSpot(TM) 64-Bit Server VM (25.65-b01 mixed mode windows-amd64 compressed oops)
# Problematic frame:
# V  [jvm.dll+0x50da94]
#
# Failed to write core dump. Minidumps are not enabled by default on client versions of Windows
#
# If you would like to submit a bug report, please visit:
#   http://bugreport.java.com/bugreport/crash.jsp
#

---------------  T H R E A D  ---------------

Current thread (0x0000000014ef0000):  JavaThread "C2 CompilerThread1" daemon [_thread_in_native, id=4888, stack(0x0000000016620000,0x0000000016720000)]

siginfo: ExceptionCode=0xc0000005, reading address 0xffffffffffffffff

Registers:
RAX=0x000000001671c430, RBX=0x00000000000103e0, RCX=0xcccccccccccccccc, RDX=0x0000000000000000
RSP=0x000000001671bd40, RBP=0x000000001671be40, RSI=0x0000000000000001, RDI=0x0000000019e86648
R8 =0x0000000000000000, R9 =0x0000000000000002, R10=0x000000001b12f6a8, R11=0x0000000000000000
R12=0x0000000000000008, R13=0x000000001b12f8c0, R14=0x0000000000000000, R15=0x0000000000000049
RIP=0x000000006c1ada94, EFLAGS=0x0000000000010206

Top of Stack: (sp=0x000000001671bd40)
0x000000001671bd40:   0000000000000252 0000000000000142
0x000000001671bd50:   000000001671be40 0000000000000003
0x000000001671bd60:   0000000000000001 0000000000004213
0x000000001671bd70:   0000000000000000 0000000019f29500
0x000000001671bd80:   000000001671bf20 000000000000004c
0x000000001671bd90:   000000000000000c 000000001b7c2aa8
0x000000001671bda0:   0000000000000005 0000000000000005
0x000000001671bdb0:   000000006c4aad10 00000005000000de
0x000000001671bdc0:   000021c000000000 000000001671c110
0x000000001671bdd0:   000000000000000f 00000000182dc290
0x000000001671bde0:   0000000000000000 000021c0000000de
0x000000001671bdf0:   000000001671c110 000000000000000f
0x000000001671be00:   0000000019dbbaa0 0000000000000003
0x000000001671be10:   000000001dc72020 00000000184cc4f0
0x000000001671be20:   0000000000000049 00000000000003d8
0x000000001671be30:   00000000184cc8c8 00000000184cc4e0 

Instructions: (pc=0x000000006c1ada94)
0x000000006c1ada74:   7f 18 00 76 09 48 8b 47 20 48 8b 00 eb 03 49 8b
0x000000006c1ada84:   c6 48 8b 40 08 4a 8b 0c 20 48 8b 85 80 02 00 00
0x000000006c1ada94:   8b 51 28 48 8b 40 48 48 8b 48 68 48 8b 45 60 48
0x000000006c1adaa4:   8b 1c d1 44 8b 73 4c 4c 89 75 18 4e 8b 2c f0 4c 


Register to memory mapping:

RAX=0x000000001671c430 is pointing into the stack for thread: 0x0000000014ef0000
RBX=0x00000000000103e0 is an unknown value
RCX=0xcccccccccccccccc is an unknown value
RDX=0x0000000000000000 is an unknown value
RSP=0x000000001671bd40 is pointing into the stack for thread: 0x0000000014ef0000
RBP=0x000000001671be40 is pointing into the stack for thread: 0x0000000014ef0000
RSI=0x0000000000000001 is an unknown value
RDI=0x0000000019e86648 is an unknown value
R8 =0x0000000000000000 is an unknown value
R9 =0x0000000000000002 is an unknown value
R10=0x000000001b12f6a8 is an unknown value
R11=0x0000000000000000 is an unknown value
R12=0x0000000000000008 is an unknown value
R13=0x000000001b12f8c0 is an unknown value
R14=0x0000000000000000 is an unknown value
R15=0x0000000000000049 is an unknown value


Stack: [0x0000000016620000,0x0000000016720000],  sp=0x000000001671bd40,  free space=1007k
Native frames: (J=compiled Java code, j=interpreted, Vv=VM code, C=native code)
V  [jvm.dll+0x50da94]
V  [jvm.dll+0x4623c6]
V  [jvm.dll+0x46d52b]
V  [jvm.dll+0x46fb42]
V  [jvm.dll+0x452cc2]
V  [jvm.dll+0xa4672]
V  [jvm.dll+0xa4faf]
V  [jvm.dll+0x243144]
V  [jvm.dll+0x299f7a]
C  [msvcr100.dll+0x21d9f]
C  [msvcr100.dll+0x21e3b]
C  [KERNEL32.DLL+0x12d92]
C  [ntdll.dll+0x9f64]


Current CompileTask:
C2: 225047 7101       4       org.springframework.core.annotation.AnnotationUtils::adaptValue (182 bytes)


---------------  P R O C E S S  ---------------

Java Threads: ( => current thread )
  0x000000001e30b800 JavaThread "restartedMain" [_thread_in_native, id=6712, stack(0x0000000000af0000,0x0000000000bf0000)]
  0x000000001e319000 JavaThread "Thread-6" [_thread_blocked, id=6668, stack(0x00000000216e0000,0x00000000217e0000)]
  0x000000001e311800 JavaThread "DestroyJavaVM" [_thread_blocked, id=4728, stack(0x00000000026f0000,0x00000000027f0000)]
  0x000000001bf07000 JavaThread "Live Reload Server" daemon [_thread_in_native, id=4812, stack(0x000000001e850000,0x000000001e950000)]
  0x000000001b437800 JavaThread "Abandoned connection cleanup thread" daemon [_thread_blocked, id=3276, stack(0x000000001eb00000,0x000000001ec00000)]
  0x0000000014f4e000 JavaThread "Service Thread" daemon [_thread_blocked, id=4032, stack(0x0000000016c20000,0x0000000016d20000)]
  0x0000000014ef6800 JavaThread "C1 CompilerThread2" daemon [_thread_blocked, id=1904, stack(0x0000000016720000,0x0000000016820000)]
=>0x0000000014ef0000 JavaThread "C2 CompilerThread1" daemon [_thread_in_native, id=4888, stack(0x0000000016620000,0x0000000016720000)]
  0x0000000014eee000 JavaThread "C2 CompilerThread0" daemon [_thread_in_native, id=2884, stack(0x0000000016520000,0x0000000016620000)]
  0x0000000014eff000 JavaThread "Attach Listener" daemon [_thread_blocked, id=3904, stack(0x0000000016420000,0x0000000016520000)]
  0x0000000014efe000 JavaThread "Signal Dispatcher" daemon [_thread_blocked, id=5004, stack(0x0000000016320000,0x0000000016420000)]
  0x00000000028eb800 JavaThread "Finalizer" daemon [_thread_blocked, id=1376, stack(0x0000000016140000,0x0000000016240000)]
  0x0000000014eb8800 JavaThread "Reference Handler" daemon [_thread_blocked, id=3016, stack(0x0000000016040000,0x0000000016140000)]

Other Threads:
  0x0000000014eb7000 VMThread [stack: 0x0000000015f40000,0x0000000016040000] [id=3020]
  0x000000001687c000 WatcherThread [stack: 0x0000000016d20000,0x0000000016e20000] [id=4924]

VM state:not at safepoint (normal execution)

VM Mutex/Monitor currently owned by a thread: None

Heap:
 PSYoungGen      total 322048K, used 24144K [0x00000000eb200000, 0x00000000fff80000, 0x0000000100000000)
  eden space 302080K, 7% used [0x00000000eb200000,0x00000000ec9942a0,0x00000000fd900000)
  from space 19968K, 0% used [0x00000000fd900000,0x00000000fd900000,0x00000000fec80000)
  to   space 19456K, 0% used [0x00000000fec80000,0x00000000fec80000,0x00000000fff80000)
 ParOldGen       total 104448K, used 29014K [0x00000000c1600000, 0x00000000c7c00000, 0x00000000eb200000)
  object space 104448K, 27% used [0x00000000c1600000,0x00000000c3255b78,0x00000000c7c00000)
 Metaspace       used 55961K, capacity 56776K, committed 57048K, reserved 1099776K
  class space    used 6972K, capacity 7154K, committed 7168K, reserved 1048576K

Card table byte_map: [0x0000000011cb0000,0x0000000011eb0000] byte_map_base: 0x00000000116a5000

Marking Bits: (ParMarkBitMap*) 0x000000006c4aa5b0
 Begin Bits: [0x0000000012400000, 0x00000000133a8000)
 End Bits:   [0x00000000133a8000, 0x0000000014350000)

Polling page: 0x0000000000df0000

CodeCache: size=245760Kb used=19961Kb max_used=21527Kb free=225798Kb
 bounds [0x00000000028f0000, 0x0000000003e20000, 0x00000000118f0000]
 total_blobs=6424 nmethods=5867 adapters=469
 compilation: enabled

Compilation events (10 events):
Event: 222.833 Thread 0x0000000014ef6800 7098       3       org.springframework.beans.factory.support.DefaultListableBeanFactory::getBeansOfType (8 bytes)
Event: 222.833 Thread 0x0000000014ef6800 nmethod 7098 0x00000000038fe990 code [0x00000000038feb00, 0x00000000038feca8]
Event: 223.151 Thread 0x0000000014ef6800 7099       3       org.springframework.context.annotation.ComponentScanAnnotationParser$1::matchClassName (9 bytes)
Event: 223.152 Thread 0x0000000014ef6800 nmethod 7099 0x0000000002c2b910 code [0x0000000002c2ba80, 0x0000000002c2bc88]
Event: 223.300 Thread 0x0000000014ef6800 7100       3       org.springframework.boot.context.TypeExcludeFilter::match (89 bytes)
Event: 223.301 Thread 0x0000000014ef6800 nmethod 7100 0x0000000002f19f50 code [0x0000000002f1a160, 0x0000000002f1aca8]
Event: 223.992 Thread 0x0000000014ef0000 7101       4       org.springframework.core.annotation.AnnotationUtils::adaptValue (182 bytes)
Event: 224.067 Thread 0x0000000014eee000 7102       4       org.springframework.asm.MethodVisitor::visitMaxs (17 bytes)
Event: 224.068 Thread 0x0000000014eee000 nmethod 7102 0x0000000002a137d0 code [0x0000000002a13900, 0x0000000002a13978]
Event: 224.373 Thread 0x0000000014eee000 7103       4       org.springframework.asm.ClassReader::readCode (3343 bytes)

GC Heap History (10 events):
Event: 42.252 GC heap before
{Heap before GC invocations=15 (full 2):
 PSYoungGen      total 284160K, used 272384K [0x00000000eb200000, 0x00000000fdc80000, 0x0000000100000000)
  eden space 272384K, 100% used [0x00000000eb200000,0x00000000fbc00000,0x00000000fbc00000)
  from space 11776K, 0% used [0x00000000fc800000,0x00000000fc800000,0x00000000fd380000)
  to   space 12288K, 0% used [0x00000000fbc00000,0x00000000fbc00000,0x00000000fc800000)
 ParOldGen       total 60416K, used 24706K [0x00000000c1600000, 0x00000000c5100000, 0x00000000eb200000)
  object space 60416K, 40% used [0x00000000c1600000,0x00000000c2e20a00,0x00000000c5100000)
 Metaspace       used 47509K, capacity 48150K, committed 48344K, reserved 1091584K
  class space    used 5920K, capacity 6098K, committed 6144K, reserved 1048576K
Event: 42.322 GC heap after
Heap after GC invocations=15 (full 2):
 PSYoungGen      total 284672K, used 12256K [0x00000000eb200000, 0x0000000100000000, 0x0000000100000000)
  eden space 272384K, 0% used [0x00000000eb200000,0x00000000eb200000,0x00000000fbc00000)
  from space 12288K, 99% used [0x00000000fbc00000,0x00000000fc7f8030,0x00000000fc800000)
  to   space 19456K, 0% used [0x00000000fed00000,0x00000000fed00000,0x0000000100000000)
 ParOldGen       total 60416K, used 39008K [0x00000000c1600000, 0x00000000c5100000, 0x00000000eb200000)
  object space 60416K, 64% used [0x00000000c1600000,0x00000000c3c18070,0x00000000c5100000)
 Metaspace       used 47509K, capacity 48150K, committed 48344K, reserved 1091584K
  class space    used 5920K, capacity 6098K, committed 6144K, reserved 1048576K
}
Event: 105.889 GC heap before
{Heap before GC invocations=16 (full 2):
 PSYoungGen      total 284672K, used 284640K [0x00000000eb200000, 0x0000000100000000, 0x0000000100000000)
  eden space 272384K, 100% used [0x00000000eb200000,0x00000000fbc00000,0x00000000fbc00000)
  from space 12288K, 99% used [0x00000000fbc00000,0x00000000fc7f8030,0x00000000fc800000)
  to   space 19456K, 0% used [0x00000000fed00000,0x00000000fed00000,0x0000000100000000)
 ParOldGen       total 60416K, used 39008K [0x00000000c1600000, 0x00000000c5100000, 0x00000000eb200000)
  object space 60416K, 64% used [0x00000000c1600000,0x00000000c3c18070,0x00000000c5100000)
 Metaspace       used 52495K, capacity 53270K, committed 53336K, reserved 1095680K
  class space    used 6557K, capacity 6718K, committed 6784K, reserved 1048576K
Event: 105.967 GC heap after
Heap after GC invocations=16 (full 2):
 PSYoungGen      total 321536K, used 12521K [0x00000000eb200000, 0x0000000100000000, 0x0000000100000000)
  eden space 302080K, 0% used [0x00000000eb200000,0x00000000eb200000,0x00000000fd900000)
  from space 19456K, 64% used [0x00000000fed00000,0x00000000ff93a520,0x0000000100000000)
  to   space 19968K, 0% used [0x00000000fd900000,0x00000000fd900000,0x00000000fec80000)
 ParOldGen       total 60416K, used 51293K [0x00000000c1600000, 0x00000000c5100000, 0x00000000eb200000)
  object space 60416K, 84% used [0x00000000c1600000,0x00000000c4817528,0x00000000c5100000)
 Metaspace       used 52495K, capacity 53270K, committed 53336K, reserved 1095680K
  class space    used 6557K, capacity 6718K, committed 6784K, reserved 1048576K
}
Event: 105.967 GC heap before
{Heap before GC invocations=17 (full 3):
 PSYoungGen      total 321536K, used 12521K [0x00000000eb200000, 0x0000000100000000, 0x0000000100000000)
  eden space 302080K, 0% used [0x00000000eb200000,0x00000000eb200000,0x00000000fd900000)
  from space 19456K, 64% used [0x00000000fed00000,0x00000000ff93a520,0x0000000100000000)
  to   space 19968K, 0% used [0x00000000fd900000,0x00000000fd900000,0x00000000fec80000)
 ParOldGen       total 60416K, used 51293K [0x00000000c1600000, 0x00000000c5100000, 0x00000000eb200000)
  object space 60416K, 84% used [0x00000000c1600000,0x00000000c4817528,0x00000000c5100000)
 Metaspace       used 52495K, capacity 53270K, committed 53336K, reserved 1095680K
  class space    used 6557K, capacity 6718K, committed 6784K, reserved 1048576K
Event: 106.405 GC heap after
Heap after GC invocations=17 (full 3):
 PSYoungGen      total 321536K, used 0K [0x00000000eb200000, 0x0000000100000000, 0x0000000100000000)
  eden space 302080K, 0% used [0x00000000eb200000,0x00000000eb200000,0x00000000fd900000)
  from space 19456K, 0% used [0x00000000fed00000,0x00000000fed00000,0x0000000100000000)
  to   space 19968K, 0% used [0x00000000fd900000,0x00000000fd900000,0x00000000fec80000)
 ParOldGen       total 104448K, used 52898K [0x00000000c1600000, 0x00000000c7c00000, 0x00000000eb200000)
  object space 104448K, 50% used [0x00000000c1600000,0x00000000c49a89c8,0x00000000c7c00000)
 Metaspace       used 52352K, capacity 53042K, committed 53336K, reserved 1095680K
  class space    used 6536K, capacity 6680K, committed 6784K, reserved 1048576K
}
Event: 217.839 GC heap before
{Heap before GC invocations=18 (full 3):
 PSYoungGen      total 321536K, used 137068K [0x00000000eb200000, 0x0000000100000000, 0x0000000100000000)
  eden space 302080K, 45% used [0x00000000eb200000,0x00000000f37db028,0x00000000fd900000)
  from space 19456K, 0% used [0x00000000fed00000,0x00000000fed00000,0x0000000100000000)
  to   space 19968K, 0% used [0x00000000fd900000,0x00000000fd900000,0x00000000fec80000)
 ParOldGen       total 104448K, used 52898K [0x00000000c1600000, 0x00000000c7c00000, 0x00000000eb200000)
  object space 104448K, 50% used [0x00000000c1600000,0x00000000c49a89c8,0x00000000c7c00000)
 Metaspace       used 55937K, capacity 56770K, committed 57048K, reserved 1099776K
  class space    used 6970K, capacity 7153K, committed 7168K, reserved 1048576K
Event: 217.850 GC heap after
Heap after GC invocations=18 (full 3):
 PSYoungGen      total 322048K, used 3743K [0x00000000eb200000, 0x00000000fff80000, 0x0000000100000000)
  eden space 302080K, 0% used [0x00000000eb200000,0x00000000eb200000,0x00000000fd900000)
  from space 19968K, 18% used [0x00000000fd900000,0x00000000fdca7eb0,0x00000000fec80000)
  to   space 19456K, 0% used [0x00000000fec80000,0x00000000fec80000,0x00000000fff80000)
 ParOldGen       total 104448K, used 52906K [0x00000000c1600000, 0x00000000c7c00000, 0x00000000eb200000)
  object space 104448K, 50% used [0x00000000c1600000,0x00000000c49aa9c8,0x00000000c7c00000)
 Metaspace       used 55937K, capacity 56770K, committed 57048K, reserved 1099776K
  class space    used 6970K, capacity 7153K, committed 7168K, reserved 1048576K
}
Event: 217.851 GC heap before
{Heap before GC invocations=19 (full 4):
 PSYoungGen      total 322048K, used 3743K [0x00000000eb200000, 0x00000000fff80000, 0x0000000100000000)
  eden space 302080K, 0% used [0x00000000eb200000,0x00000000eb200000,0x00000000fd900000)
  from space 19968K, 18% used [0x00000000fd900000,0x00000000fdca7eb0,0x00000000fec80000)
  to   space 19456K, 0% used [0x00000000fec80000,0x00000000fec80000,0x00000000fff80000)
 ParOldGen       total 104448K, used 52906K [0x00000000c1600000, 0x00000000c7c00000, 0x00000000eb200000)
  object space 104448K, 50% used [0x00000000c1600000,0x00000000c49aa9c8,0x00000000c7c00000)
 Metaspace       used 55937K, capacity 56770K, committed 57048K, reserved 1099776K
  class space    used 6970K, capacity 7153K, committed 7168K, reserved 1048576K
Event: 218.355 GC heap after
Heap after GC invocations=19 (full 4):
 PSYoungGen      total 322048K, used 0K [0x00000000eb200000, 0x00000000fff80000, 0x0000000100000000)
  eden space 302080K, 0% used [0x00000000eb200000,0x00000000eb200000,0x00000000fd900000)
  from space 19968K, 0% used [0x00000000fd900000,0x00000000fd900000,0x00000000fec80000)
  to   space 19456K, 0% used [0x00000000fec80000,0x00000000fec80000,0x00000000fff80000)
 ParOldGen       total 104448K, used 29014K [0x00000000c1600000, 0x00000000c7c00000, 0x00000000eb200000)
  object space 104448K, 27% used [0x00000000c1600000,0x00000000c3255b78,0x00000000c7c00000)
 Metaspace       used 55935K, capacity 56764K, committed 57048K, reserved 1099776K
  class space    used 6969K, capacity 7151K, committed 7168K, reserved 1048576K
}

Deoptimization events (10 events):
Event: 136.809 Thread 0x000000001e313800 Uncommon trap: reason=unstable_if action=reinterpret pc=0x0000000002a13940 method=java.lang.CharacterData.of(I)Ljava/lang/CharacterData; @ 4
Event: 136.956 Thread 0x000000001e313800 Uncommon trap: reason=unstable_if action=reinterpret pc=0x0000000002c510c8 method=java.lang.String.indexOf([CII[CIII)I @ 27
Event: 136.957 Thread 0x000000001e313800 Uncommon trap: reason=unstable_if action=reinterpret pc=0x0000000002e0eebc method=java.lang.String.indexOf([CII[CIII)I @ 27
Event: 137.437 Thread 0x000000001e313800 Uncommon trap: reason=predicate action=maybe_recompile pc=0x0000000003d29960 method=org.springframework.util.ReflectionUtils.doWithMethods(Ljava/lang/Class;Lorg/springframework/util/ReflectionUtils$MethodCallback;Lorg/springframework/util/ReflectionUtils$M•t[¨Qk@
Event: 218.552 Thread 0x000000001e30b800 Uncommon trap: reason=unstable_if action=reinterpret pc=0x000000000334f774 method=ch.qos.logback.classic.LoggerContext.getTurboFilterChainDecision_0_3OrMore(Lorg/slf4j/Marker;Lch/qos/logback/classic/Logger;Lch/qos/logback/classic/Level;Ljava/lang/String;[LÉÛü1≠Qk@
Event: 218.552 Thread 0x000000001e30b800 Uncommon trap: reason=unstable_if action=reinterpret pc=0x000000000331b4d0 method=ch.qos.logback.classic.LoggerContext.getTurboFilterChainDecision_0_3OrMore(Lorg/slf4j/Marker;Lch/qos/logback/classic/Logger;Lch/qos/logback/classic/Level;Ljava/lang/String;[LqÇπ≤Qk@
Event: 218.553 Thread 0x000000001e30b800 Uncommon trap: reason=unstable_if action=reinterpret pc=0x0000000003318e54 method=ch.qos.logback.classic.LoggerContext.getTurboFilterChainDecision_0_3OrMore(Lorg/slf4j/Marker;Lch/qos/logback/classic/Logger;Lch/qos/logback/classic/Level;Ljava/lang/String;[LÇ<)ÍﬁQk@
Event: 218.558 Thread 0x000000001e30b800 Uncommon trap: reason=bimorphic action=maybe_recompile pc=0x00000000032e5a74 method=java.util.AbstractCollection.containsAll(Ljava/util/Collection;)Z @ 1
Event: 218.802 Thread 0x000000001e30b800 Uncommon trap: reason=bimorphic action=maybe_recompile pc=0x00000000032e5a74 method=java.util.AbstractCollection.containsAll(Ljava/util/Collection;)Z @ 1
Event: 218.814 Thread 0x000000001e30b800 Uncommon trap: reason=unstable_if action=reinterpret pc=0x0000000003d860c0 method=org.springframework.core.annotation.AnnotationUtils.postProcessAnnotationAttributes(Ljava/lang/Object;Lorg/springframework/core/annotation/AnnotationAttributes;ZZ)V @ 204

Internal exceptions (10 events):
Event: 131.544 Thread 0x000000001e30b800 Exception <a 'java/lang/ClassNotFoundException': org/springframework/web/servlet/RequestToViewNameTranslatorCustomizer> (0x00000000ecfa1928) thrown at [C:\workspace\8-2-build-windows-amd64-cygwin\jdk8u65\4987\hotspot\src\share\vm\classfile\systemDictionary√∂_1ár`@
Event: 131.579 Thread 0x000000001e30b800 Exception <a 'java/lang/ClassNotFoundException': java/lang/ObjectCustomizer> (0x00000000ecfd4b50) thrown at [C:\workspace\8-2-build-windows-amd64-cygwin\jdk8u65\4987\hotspot\src\share\vm\classfile\systemDictionary.cpp, line 210]
Event: 131.581 Thread 0x000000001e30b800 Exception <a 'java/lang/ClassNotFoundException': org/springframework/web/servlet/support/AbstractFlashMapManagerCustomizer> (0x00000000ecff3f08) thrown at [C:\workspace\8-2-build-windows-amd64-cygwin\jdk8u65\4987\hotspot\src\share\vm\classfile\systemDictio3çi√£r`@
Event: 131.582 Thread 0x000000001e30b800 Exception <a 'java/lang/ClassNotFoundException': org/springframework/web/servlet/support/SessionFlashMapManagerCustomizer> (0x00000000ed017158) thrown at [C:\workspace\8-2-build-windows-amd64-cygwin\jdk8u65\4987\hotspot\src\share\vm\classfile\systemDictionZ¿–1∞r`@
Event: 131.584 Thread 0x000000001e30b800 Exception <a 'java/lang/ClassNotFoundException': org/springframework/web/servlet/FlashMapManagerCustomizer> (0x00000000ed0318a8) thrown at [C:\workspace\8-2-build-windows-amd64-cygwin\jdk8u65\4987\hotspot\src\share\vm\classfile\systemDictionary.cpp, line 2yB8,G/k@
Event: 217.477 Thread 0x000000001c25f800 Exception <a 'java/lang/InterruptedException': sleep interrupted> (0x00000000ebf4bf60) thrown at [C:\workspace\8-2-build-windows-amd64-cygwin\jdk8u65\4987\hotspot\src\share\vm\prims\jvm.cpp, line 3215]
Event: 217.578 Thread 0x000000001e316800 Exception <a 'java/lang/NoSuchMethodError': <clinit>> (0x00000000f35a7c90) thrown at [C:\workspace\8-2-build-windows-amd64-cygwin\jdk8u65\4987\hotspot\src\share\vm\prims\jni.cpp, line 1591]
Event: 217.592 Thread 0x000000001e316800 Exception <a 'java/lang/NoSuchMethodError': <clinit>> (0x00000000f35db060) thrown at [C:\workspace\8-2-build-windows-amd64-cygwin\jdk8u65\4987\hotspot\src\share\vm\prims\jni.cpp, line 1591]
Event: 217.836 Thread 0x0000000017c7d000 Exception <a 'java/lang/InterruptedException': sleep interrupted> (0x00000000f36616d0) thrown at [C:\workspace\8-2-build-windows-amd64-cygwin\jdk8u65\4987\hotspot\src\share\vm\prims\jvm.cpp, line 3215]
Event: 218.553 Thread 0x000000001e30b800 Exception <a 'java/io/FileNotFoundException'> (0x00000000eb83b708) thrown at [C:\workspace\8-2-build-windows-amd64-cygwin\jdk8u65\4987\hotspot\src\share\vm\prims\jni.cpp, line 709]

Events (10 events):
Event: 218.932 loading class org/joda/time$LocalDate done
Event: 218.932 loading class kotlin/Unit
Event: 218.932 loading class kotlin/Unit done
Event: 218.932 loading class kotlin$Unit
Event: 218.932 loading class kotlin$Unit done
Event: 218.933 loading class org/springframework/core/convert/support/GenericConversionService$1
Event: 218.933 loading class org/springframework/core/convert/support/GenericConversionService$1 done
Event: 218.935 Executing VM operation: RevokeBias
Event: 218.935 Executing VM operation: RevokeBias done
Event: 218.935 Thread 0x000000001e30d000 Thread exited: 0x000000001e30d000


Dynamic libraries:
0x00007ff608980000 - 0x00007ff6089b7000 	C:\Program Files\Java\jdk1.8.0_65\bin\java.exe
0x00007ffea8910000 - 0x00007ffea8ad2000 	C:\WINDOWS\SYSTEM32\ntdll.dll
0x00007ffea6350000 - 0x00007ffea63fd000 	C:\WINDOWS\system32\KERNEL32.DLL
0x00007ffea5430000 - 0x00007ffea560d000 	C:\WINDOWS\system32\KERNELBASE.dll
0x00007ffea8490000 - 0x00007ffea8536000 	C:\WINDOWS\system32\ADVAPI32.dll
0x00007ffea85f0000 - 0x00007ffea868d000 	C:\WINDOWS\system32\msvcrt.dll
0x00007ffea67b0000 - 0x00007ffea680b000 	C:\WINDOWS\system32\sechost.dll
0x00007ffea6ba0000 - 0x00007ffea6cc6000 	C:\WINDOWS\system32\RPCRT4.dll
0x00007ffea6e00000 - 0x00007ffea6f4e000 	C:\WINDOWS\system32\USER32.dll
0x00007ffea6620000 - 0x00007ffea67a5000 	C:\WINDOWS\system32\GDI32.dll
0x00007ffe99560000 - 0x00007ffe997d4000 	C:\WINDOWS\WinSxS\amd64_microsoft.windows.common-controls_6595b64144ccf1df_6.0.10240.16384_none_f41f7b285750ef43\COMCTL32.dll
0x00007ffea8540000 - 0x00007ffea8576000 	C:\WINDOWS\system32\IMM32.DLL
0x00007ffea6a40000 - 0x00007ffea6b9c000 	C:\WINDOWS\system32\MSCTF.dll
0x000000006bbc0000 - 0x000000006bc92000 	C:\Program Files\Java\jdk1.8.0_65\jre\bin\msvcr100.dll
0x000000006bca0000 - 0x000000006c529000 	C:\Program Files\Java\jdk1.8.0_65\jre\bin\server\jvm.dll
0x00007ffea69d0000 - 0x00007ffea69d8000 	C:\WINDOWS\system32\PSAPI.DLL
0x00007ffe9a4a0000 - 0x00007ffe9a4aa000 	C:\WINDOWS\SYSTEM32\VERSION.dll
0x00007ffe911d0000 - 0x00007ffe911d9000 	C:\WINDOWS\SYSTEM32\WSOCK32.dll
0x00007ffe95840000 - 0x00007ffe95863000 	C:\WINDOWS\SYSTEM32\WINMM.dll
0x00007ffea6cd0000 - 0x00007ffea6d39000 	C:\WINDOWS\system32\WS2_32.dll
0x00007ffea69c0000 - 0x00007ffea69c8000 	C:\WINDOWS\system32\NSI.dll
0x00007ffe95810000 - 0x00007ffe9583c000 	C:\WINDOWS\SYSTEM32\WINMMBASE.dll
0x00007ffea53e0000 - 0x00007ffea5424000 	C:\WINDOWS\system32\cfgmgr32.dll
0x00007ffea3c10000 - 0x00007ffea3c37000 	C:\WINDOWS\SYSTEM32\DEVOBJ.dll
0x000000006bb70000 - 0x000000006bb7f000 	C:\Program Files\Java\jdk1.8.0_65\jre\bin\verify.dll
0x000000006bb40000 - 0x000000006bb69000 	C:\Program Files\Java\jdk1.8.0_65\jre\bin\java.dll
0x000000006bb20000 - 0x000000006bb36000 	C:\Program Files\Java\jdk1.8.0_65\jre\bin\zip.dll
0x00007ffea6f60000 - 0x00007ffea8485000 	C:\WINDOWS\system32\SHELL32.dll
0x00007ffea59b0000 - 0x00007ffea5fd8000 	C:\WINDOWS\system32\windows.storage.dll
0x00007ffea8690000 - 0x00007ffea890c000 	C:\WINDOWS\system32\combase.dll
0x00007ffea6120000 - 0x00007ffea6171000 	C:\WINDOWS\system32\shlwapi.dll
0x00007ffea53d0000 - 0x00007ffea53df000 	C:\WINDOWS\system32\kernel.appcore.dll
0x00007ffea5670000 - 0x00007ffea5723000 	C:\WINDOWS\system32\shcore.dll
0x00007ffea5380000 - 0x00007ffea53ca000 	C:\WINDOWS\system32\powrprof.dll
0x00007ffea5360000 - 0x00007ffea5373000 	C:\WINDOWS\system32\profapi.dll
0x000000006b890000 - 0x000000006b89d000 	C:\Program Files\Java\jdk1.8.0_65\jre\bin\management.dll
0x000000006bb00000 - 0x000000006bb1a000 	C:\Program Files\Java\jdk1.8.0_65\jre\bin\net.dll
0x00007ffea4b50000 - 0x00007ffea4bad000 	C:\WINDOWS\system32\mswsock.dll
0x00007ffe99080000 - 0x00007ffe99095000 	C:\WINDOWS\system32\napinsp.dll
0x00007ffe99060000 - 0x00007ffe9907a000 	C:\WINDOWS\system32\pnrpnsp.dll
0x00007ffea2fa0000 - 0x00007ffea2fb8000 	C:\WINDOWS\system32\NLAapi.dll
0x00007ffea4910000 - 0x00007ffea49b8000 	C:\WINDOWS\SYSTEM32\DNSAPI.dll
0x00007ffe99050000 - 0x00007ffe9905d000 	C:\WINDOWS\System32\winrnr.dll
0x00007ffe99030000 - 0x00007ffe99045000 	C:\WINDOWS\system32\wshbth.dll
0x00007ffe9b8a0000 - 0x00007ffe9b8aa000 	C:\Windows\System32\rasadhlp.dll
0x00007ffea3400000 - 0x00007ffea3438000 	C:\WINDOWS\SYSTEM32\IPHLPAPI.DLL
0x00007ffea33f0000 - 0x00007ffea33fb000 	C:\WINDOWS\SYSTEM32\WINNSI.DLL
0x00007ffe9fd00000 - 0x00007ffe9fd68000 	C:\WINDOWS\System32\fwpuclnt.dll
0x00007ffea5270000 - 0x00007ffea5298000 	C:\WINDOWS\SYSTEM32\bcrypt.dll
0x000000006bae0000 - 0x000000006baf1000 	C:\Program Files\Java\jdk1.8.0_65\jre\bin\nio.dll
0x00007ffea4bb0000 - 0x00007ffea4bc7000 	C:\WINDOWS\SYSTEM32\CRYPTSP.dll
0x00007ffea47a0000 - 0x00007ffea47d3000 	C:\WINDOWS\system32\rsaenh.dll
0x00007ffea48f0000 - 0x00007ffea490f000 	C:\WINDOWS\SYSTEM32\USERENV.dll
0x00007ffea5160000 - 0x00007ffea51cb000 	C:\WINDOWS\system32\bcryptprimitives.dll
0x00007ffea4d20000 - 0x00007ffea4d2b000 	C:\WINDOWS\SYSTEM32\CRYPTBASE.dll
0x00007ffea00e0000 - 0x00007ffea00f6000 	C:\WINDOWS\SYSTEM32\dhcpcsvc6.DLL
0x00007ffea00c0000 - 0x00007ffea00da000 	C:\WINDOWS\SYSTEM32\dhcpcsvc.DLL
0x00007ffe99c90000 - 0x00007ffe99e1a000 	C:\WINDOWS\SYSTEM32\dbghelp.dll

VM Arguments:
java_command: com.mac.green_leaves.Application
java_class_path (initial): E:\SVISION_PROJECTS\green_leaves\GREEN_LEAVES\target\classes;C:\Users\Don\.m2\repository\org\springframework\boot\spring-boot-starter-web\1.4.0.RELEASE\spring-boot-starter-web-1.4.0.RELEASE.jar;C:\Users\Don\.m2\repository\org\springframework\boot\spring-boot-starter\1.4.0.RELEASE\spring-boot-starter-1.4.0.RELEASE.jar;C:\Users\Don\.m2\repository\org\springframework\boot\spring-boot-starter-logging\1.4.0.RELEASE\spring-boot-starter-logging-1.4.0.RELEASE.jar;C:\Users\Don\.m2\repository\ch\qos\logback\logback-classic\1.1.7\logback-classic-1.1.7.jar;C:\Users\Don\.m2\repository\ch\qos\logback\logback-core\1.1.7\logback-core-1.1.7.jar;C:\Users\Don\.m2\repository\org\slf4j\jul-to-slf4j\1.7.21\jul-to-slf4j-1.7.21.jar;C:\Users\Don\.m2\repository\org\slf4j\log4j-over-slf4j\1.7.21\log4j-over-slf4j-1.7.21.jar;C:\Users\Don\.m2\repository\org\springframework\spring-core\4.3.2.RELEASE\spring-core-4.3.2.RELEASE.jar;C:\Users\Don\.m2\repository\org\yaml\snakeyaml\1.17\snakeyaml-1.17.jar;C:\Users\Don\.m2\repository\org\springframework\boot\spring-boot-starter-tomcat\1.4.0.RELEASE\spring-boot-starter-tomcat-1.4.0.RELEASE.jar;C:\Users\Don\.m2\repository\org\apache\tomcat\embed\tomcat-embed-core\8.5.4\tomcat-embed-core-8.5.4.jar;C:\Users\Don\.m2\repository\org\apache\tomcat\embed\tomcat-embed-el\8.5.4\tomcat-embed-el-8.5.4.jar;C:\Users\Don\.m2\repository\org\apache\tomcat\embed\tomcat-embed-websocket\8.5.4\tomcat-embed-websocket-8.5.4.jar;C:\Users\Don\.m2\repository\org\hibernate\hibernate-validator\5.2.4.Final\hibernate-validator-5.2.4.Final.jar;C:\Users\Don\.m2\repository\javax\validation\validation-api\1.1.0.Final\validation-api-1.1.0.Final.jar;C:\Users\Don\.m2\repository\org\jboss\logging\jboss-logging\3.3.0.Final\jboss-logging-3.3.0.Final.jar;C:\Users\Don\.m2\repository\com\fasterxml\classmate\1.3.1\classmate-1.3.1.jar;C:\Users\Don\.m2\repository\com\fasterxml\jackson\core\jackson-databind\2.8.1\jackson-databind-2.8.1.jar;C:\Users\Don\.m2\repository\org\s
Launcher Type: SUN_STANDARD

Environment Variables:
JAVA_HOME=C:\Program Files\Java\jdk1.8.0_65
PATH=C:\ProgramData\Oracle\Java\javapath;C:\WINDOWS\system32;C:\WINDOWS;C:\WINDOWS\System32\Wbem;C:\WINDOWS\System32\WindowsPowerShell\v1.0\;C:\Program Files\Java\jdk1.8.0_65\bin;C:\Program Files\Git\cmd;C:\Program Files\nodejs\;C:\Program Files (x86)\Brackets\command;C:\Users\Don\AppData\Roaming\npm
USERNAME=Don
OS=Windows_NT
PROCESSOR_IDENTIFIER=Intel64 Family 6 Model 61 Stepping 4, GenuineIntel



---------------  S Y S T E M  ---------------

OS: Windows 10.0 , 64 bit Build 10240 (10.0.10240.16384)

CPU:total 4 (2 cores per cpu, 2 threads per core) family 6 model 61 stepping 4, cmov, cx8, fxsr, mmx, sse, sse2, sse3, ssse3, sse4.1, sse4.2, popcnt, avx, avx2, aes, clmul, erms, 3dnowpref, lzcnt, ht, tsc, tscinvbit, bmi1, bmi2, adx

Memory: 4k page, physical 4103580k(474004k free), swap 7380380k(2673412k free)

vm_info: Java HotSpot(TM) 64-Bit Server VM (25.65-b01) for windows-amd64 JRE (1.8.0_65-b17), built on Oct  6 2015 16:39:20 by "java_re" with MS VC++ 10.0 (VS2010)

time: Thu Mar 02 11:50:49 2017
elapsed time: 225 seconds (0d 0h 3m 45s)

