#
# A fatal error has been detected by the Java Runtime Environment:
#
#  EXCEPTION_ACCESS_VIOLATION (0xc0000005) at pc=0x0000000013fbbc48, pid=4876, tid=6260
#
# JRE version: Java(TM) SE Runtime Environment (8.0_65-b17) (build 1.8.0_65-b17)
# Java VM: Java HotSpot(TM) 64-Bit Server VM (25.65-b01 mixed mode windows-amd64 compressed oops)
# Problematic frame:
# C  0x0000000013fbbc48
#
# Failed to write core dump. Minidumps are not enabled by default on client versions of Windows
#
# If you would like to submit a bug report, please visit:
#   http://bugreport.java.com/bugreport/crash.jsp
#

---------------  T H R E A D  ---------------

Current thread (0x000000000225c800):  GCTaskThread [stack: 0x0000000011b50000,0x0000000011c50000] [id=6260]

siginfo: ExceptionCode=0xc0000005, ExceptionInformation=0x0000000000000008 0x0000000013fbbc48

Registers:
RAX=0x0000000013fbb300, RBX=0x0000000000012994, RCX=0x00000001000122f0, RDX=0x000000000232e860
RSP=0x0000000011c4f298, RBP=0x0000000000000000, RSI=0x000000000232e860, RDI=0x000392ca000127f8
R8 =0x00000000c7c2a810, R9 =0x00000001000122f0, R10=0x000000000000000c, R11=0x00000000739378a8
R12=0x00000000739892b8, R13=0x0000000002250e80, R14=0x000000000225cb60, R15=0x0000000000000000
RIP=0x0000000013fbbc48, EFLAGS=0x0000000000010206

Top of Stack: (sp=0x0000000011c4f298)
0x0000000011c4f298:   0000000073732180 00000000150a7ce8
0x0000000011c4f2a8:   0000000000000000 000000000232e860
0x0000000011c4f2b8:   00000000739892b8 000392c9000127f8
0x0000000011c4f2c8:   000392ca000127f8 0000000073b4a5b0
0x0000000011c4f2d8:   0000000000000042 0000000000000000
0x0000000011c4f2e8:   0000000073452cc9 00000000c3996dc8
0x0000000011c4f2f8:   0000000073453166 00000000c64b1480
0x0000000011c4f308:   0000000002250e80 000000000225cb70
0x0000000011c4f318:   000000000225cb60 00000000739892b8
0x0000000011c4f328:   0000000000000001 00000000172ee070
0x0000000011c4f338:   0000000000000000 000000000232e860
0x0000000011c4f348:   000000007372faaf 00000000c7c2a810
0x0000000011c4f358:   000392c9000127f8 000392ca000127f8
0x0000000011c4f368:   00000000739892b8 00000000c5fa1b90
0x0000000011c4f378:   0000000000000200 00000000172ee070
0x0000000011c4f388:   000000007372cfbe 00000000145f758b 

Instructions: (pc=0x0000000013fbbc48)
0x0000000013fbbc28:   87 00 1d 00 06 00 02 00 01 00 01 00 06 00 00 00
0x0000000013fbbc38:   2a b2 00 00 b6 20 00 b1 ff 00 f4 10 39 00 00 00
0x0000000013fbbc48:   c8 7c 93 73 00 00 00 00 08 bc fb 13 00 00 00 00
0x0000000013fbbc58:   a0 0c c6 21 00 00 00 00 00 00 00 00 00 00 00 00 


Register to memory mapping:

RAX=0x0000000013fbb300 is pointing into metadata
RBX=0x0000000000012994 is an unknown value
RCX=0x00000001000122f0 is pointing into metadata
RDX=0x000000000232e860 is an unknown value
RSP=0x0000000011c4f298 is an unknown value
RBP=0x0000000000000000 is an unknown value
RSI=0x000000000232e860 is an unknown value
RDI=0x000392ca000127f8 is an unknown value
R8 =0x00000000c7c2a810 is an oop

[error occurred during error reporting (printing register info), id 0xc0000005]

Stack: [0x0000000011b50000,0x0000000011c50000],  sp=0x0000000011c4f298,  free space=1020k
Native frames: (J=compiled Java code, j=interpreted, Vv=VM code, C=native code)


---------------  P R O C E S S  ---------------

Java Threads: ( => current thread )
  0x000000001a420000 JavaThread "Thread-334" [_thread_blocked, id=1700, stack(0x0000000000680000,0x0000000000780000)]
  0x000000001a428800 JavaThread "http-nio-8080-AsyncTimeout" daemon [_thread_blocked, id=2972, stack(0x000000002daa0000,0x000000002dba0000)]
  0x000000001a427000 JavaThread "http-nio-8080-Acceptor-0" daemon [_thread_blocked, id=5872, stack(0x000000002d710000,0x000000002d810000)]
  0x000000001935b800 JavaThread "File Watcher" daemon [_thread_blocked, id=3672, stack(0x0000000020760000,0x0000000020860000)]
  0x000000001d385000 JavaThread "File Watcher" daemon [_thread_blocked, id=768, stack(0x0000000020460000,0x0000000020560000)]
  0x0000000019352800 JavaThread "File Watcher" daemon [_thread_blocked, id=6372, stack(0x000000001e7d0000,0x000000001e8d0000)]
  0x0000000019f0e800 JavaThread "File Watcher" daemon [_thread_blocked, id=3156, stack(0x000000001cc70000,0x000000001cd70000)]
  0x0000000019354800 JavaThread "File Watcher" daemon [_thread_blocked, id=6660, stack(0x000000001b910000,0x000000001ba10000)]
  0x000000001934f800 JavaThread "File Watcher" daemon [_thread_blocked, id=6664, stack(0x0000000018870000,0x0000000018970000)]
  0x0000000019356000 JavaThread "File Watcher" daemon [_thread_blocked, id=5028, stack(0x0000000000560000,0x0000000000660000)]
  0x000000001934e800 JavaThread "File Watcher" daemon [_thread_blocked, id=380, stack(0x0000000000350000,0x0000000000450000)]
  0x0000000019f14000 JavaThread "DestroyJavaVM" [_thread_blocked, id=4248, stack(0x0000000002140000,0x0000000002240000)]
  0x0000000017d02800 JavaThread "Live Reload Server" daemon [_thread_in_native, id=4560, stack(0x000000001e6d0000,0x000000001e7d0000)]
  0x0000000017d01000 JavaThread "Abandoned connection cleanup thread" daemon [_thread_blocked, id=3492, stack(0x000000001e990000,0x000000001ea90000)]
  0x00000000162b3800 JavaThread "Service Thread" daemon [_thread_blocked, id=920, stack(0x0000000016680000,0x0000000016780000)]
  0x000000001494d000 JavaThread "C1 CompilerThread2" daemon [_thread_blocked, id=940, stack(0x0000000016180000,0x0000000016280000)]
  0x000000001494b800 JavaThread "C2 CompilerThread1" daemon [_thread_blocked, id=1012, stack(0x0000000016080000,0x0000000016180000)]
  0x0000000014944800 JavaThread "C2 CompilerThread0" daemon [_thread_blocked, id=6692, stack(0x0000000015f80000,0x0000000016080000)]
  0x0000000014942800 JavaThread "Attach Listener" daemon [_thread_blocked, id=2316, stack(0x0000000015e80000,0x0000000015f80000)]
  0x000000001493f800 JavaThread "Signal Dispatcher" daemon [_thread_blocked, id=6224, stack(0x0000000015d80000,0x0000000015e80000)]
  0x000000000233a000 JavaThread "Finalizer" daemon [_thread_blocked, id=2272, stack(0x0000000015ba0000,0x0000000015ca0000)]
  0x0000000014909000 JavaThread "Reference Handler" daemon [_thread_blocked, id=5760, stack(0x0000000015aa0000,0x0000000015ba0000)]

Other Threads:
  0x0000000014907800 VMThread [stack: 0x00000000159a0000,0x0000000015aa0000] [id=1320]
  0x0000000016320000 WatcherThread [stack: 0x0000000016780000,0x0000000016880000] [id=2156]

=>0x000000000225c800 (exited) GCTaskThread [stack: 0x0000000011b50000,0x0000000011c50000] [id=6260]

VM state:at safepoint (normal execution)

VM Mutex/Monitor currently owned by a thread:  ([mutex/lock_event])
[0x0000000002241ed0] Threads_lock - owner thread: 0x0000000014907800
[0x0000000002242650] Heap_lock - owner thread: 0x000000001a420000

Heap:
 PSYoungGen      total 311808K, used 5168K [0x00000000eb200000, 0x0000000100000000, 0x0000000100000000)
  eden space 280576K, 0% used [0x00000000eb200000,0x00000000eb200000,0x00000000fc400000)
  from space 31232K, 16% used [0x00000000fe180000,0x00000000fe68c090,0x0000000100000000)
  to   space 30208K, 0% used [0x00000000fc400000,0x00000000fc400000,0x00000000fe180000)
 ParOldGen       total 181248K, used 133176K [0x00000000c1600000, 0x00000000cc700000, 0x00000000eb200000)
  object space 181248K, 73% used [0x00000000c1600000,0x00000000c980e298,0x00000000cc700000)
 Metaspace       used 247549K, capacity 254938K, committed 255064K, reserved 1282048K
  class space    used 21167K, capacity 22600K, committed 22656K, reserved 1048576K

Card table byte_map: [0x0000000011700000,0x0000000011900000] byte_map_base: 0x00000000110f5000

Marking Bits: (ParMarkBitMap*) 0x0000000073b4a5b0
 Begin Bits: [0x0000000011e50000, 0x0000000012df8000)
 End Bits:   [0x0000000012df8000, 0x0000000013da0000)

Polling page: 0x0000000001f60000

CodeCache: size=245760Kb used=73486Kb max_used=73486Kb free=172273Kb
 bounds [0x0000000002340000, 0x0000000006b90000, 0x0000000011340000]
 total_blobs=17427 nmethods=16861 adapters=477
 compilation: enabled

Compilation events (10 events):
Event: 10696.957 Thread 0x000000001494d000 23959   !   3       org.springframework.boot.autoconfigure.jmx.JmxAutoConfiguration$$EnhancerBySpringCGLIB$$b3dc2ed9$$FastClassBySpringCGLIB$$40df999a::invoke (252 bytes)
Event: 10696.960 Thread 0x000000001494d000 nmethod 23959 0x0000000006b82b50 code [0x0000000006b82f80, 0x0000000006b85538]
Event: 10697.061 Thread 0x000000001494d000 23960   !   3       org.springframework.jmx.export.MBeanExporter::autodetect (364 bytes)
Event: 10697.066 Thread 0x000000001494d000 nmethod 23960 0x0000000006b86f50 code [0x0000000006b87500, 0x0000000006b8b158]
Event: 10697.073 Thread 0x000000001494d000 23961       3       java.net.ServerSocket::<init> (40 bytes)
Event: 10697.074 Thread 0x000000001494d000 nmethod 23961 0x0000000006b7df50 code [0x0000000006b7e0c0, 0x0000000006b7e388]
Event: 10707.663 Thread 0x000000001494d000 23962       3       java.text.MessageFormat::setLocale (6 bytes)
Event: 10707.664 Thread 0x000000001494d000 nmethod 23962 0x0000000006b7db50 code [0x0000000006b7dca0, 0x0000000006b7de10]
Event: 10707.664 Thread 0x000000001494d000 23963       3       java.text.MessageFormat::format (9 bytes)
Event: 10707.664 Thread 0x000000001494d000 nmethod 23963 0x0000000006b8d490 code [0x0000000006b8d600, 0x0000000006b8d788]

GC Heap History (10 events):
Event: 10676.655 GC heap after
Heap after GC invocations=300 (full 55):
 PSYoungGen      total 309248K, used 5040K [0x00000000eb200000, 0x0000000100000000, 0x0000000100000000)
  eden space 276480K, 0% used [0x00000000eb200000,0x00000000eb200000,0x00000000fc000000)
  from space 32768K, 15% used [0x00000000fc000000,0x00000000fc4ec090,0x00000000fe000000)
  to   space 32256K, 0% used [0x00000000fe080000,0x00000000fe080000,0x0000000100000000)
 ParOldGen       total 181248K, used 136381K [0x00000000c1600000, 0x00000000cc700000, 0x00000000eb200000)
  object space 181248K, 75% used [0x00000000c1600000,0x00000000c9b2f458,0x00000000cc700000)
 Metaspace       used 244374K, capacity 251718K, committed 251992K, reserved 1280000K
  class space    used 20940K, capacity 22375K, committed 22400K, reserved 1048576K
}
Event: 10676.655 GC heap before
{Heap before GC invocations=301 (full 56):
 PSYoungGen      total 309248K, used 5040K [0x00000000eb200000, 0x0000000100000000, 0x0000000100000000)
  eden space 276480K, 0% used [0x00000000eb200000,0x00000000eb200000,0x00000000fc000000)
  from space 32768K, 15% used [0x00000000fc000000,0x00000000fc4ec090,0x00000000fe000000)
  to   space 32256K, 0% used [0x00000000fe080000,0x00000000fe080000,0x0000000100000000)
 ParOldGen       total 181248K, used 136381K [0x00000000c1600000, 0x00000000cc700000, 0x00000000eb200000)
  object space 181248K, 75% used [0x00000000c1600000,0x00000000c9b2f458,0x00000000cc700000)
 Metaspace       used 244374K, capacity 251718K, committed 251992K, reserved 1280000K
  class space    used 20940K, capacity 22375K, committed 22400K, reserved 1048576K
Event: 10678.684 GC heap after
Heap after GC invocations=301 (full 56):
 PSYoungGen      total 309248K, used 0K [0x00000000eb200000, 0x0000000100000000, 0x0000000100000000)
  eden space 276480K, 0% used [0x00000000eb200000,0x00000000eb200000,0x00000000fc000000)
  from space 32768K, 0% used [0x00000000fc000000,0x00000000fc000000,0x00000000fe000000)
  to   space 32256K, 0% used [0x00000000fe080000,0x00000000fe080000,0x0000000100000000)
 ParOldGen       total 181248K, used 133176K [0x00000000c1600000, 0x00000000cc700000, 0x00000000eb200000)
  object space 181248K, 73% used [0x00000000c1600000,0x00000000c980e298,0x00000000cc700000)
 Metaspace       used 244196K, capacity 251430K, committed 251992K, reserved 1280000K
  class space    used 20914K, capacity 22325K, committed 22400K, reserved 1048576K
}
Event: 10692.415 GC heap before
{Heap before GC invocations=302 (full 56):
 PSYoungGen      total 309248K, used 276480K [0x00000000eb200000, 0x0000000100000000, 0x0000000100000000)
  eden space 276480K, 100% used [0x00000000eb200000,0x00000000fc000000,0x00000000fc000000)
  from space 32768K, 0% used [0x00000000fc000000,0x00000000fc000000,0x00000000fe000000)
  to   space 32256K, 0% used [0x00000000fe080000,0x00000000fe080000,0x0000000100000000)
 ParOldGen       total 181248K, used 133176K [0x00000000c1600000, 0x00000000cc700000, 0x00000000eb200000)
  object space 181248K, 73% used [0x00000000c1600000,0x00000000c980e298,0x00000000cc700000)
 Metaspace       used 244439K, capacity 251710K, committed 252120K, reserved 1280000K
  class space    used 20960K, capacity 22397K, committed 22528K, reserved 1048576K
Event: 10692.437 GC heap after
Heap after GC invocations=302 (full 56):
 PSYoungGen      total 304640K, used 9432K [0x00000000eb200000, 0x00000000ffb80000, 0x0000000100000000)
  eden space 276992K, 0% used [0x00000000eb200000,0x00000000eb200000,0x00000000fc080000)
  from space 27648K, 34% used [0x00000000fe080000,0x00000000fe9b6300,0x00000000ffb80000)
  to   space 30208K, 0% used [0x00000000fc080000,0x00000000fc080000,0x00000000fde00000)
 ParOldGen       total 181248K, used 133176K [0x00000000c1600000, 0x00000000cc700000, 0x00000000eb200000)
  object space 181248K, 73% used [0x00000000c1600000,0x00000000c980e298,0x00000000cc700000)
 Metaspace       used 244439K, capacity 251710K, committed 252120K, reserved 1280000K
  class space    used 20960K, capacity 22397K, committed 22528K, reserved 1048576K
}
Event: 10695.637 GC heap before
{Heap before GC invocations=303 (full 56):
 PSYoungGen      total 304640K, used 286424K [0x00000000eb200000, 0x00000000ffb80000, 0x0000000100000000)
  eden space 276992K, 100% used [0x00000000eb200000,0x00000000fc080000,0x00000000fc080000)
  from space 27648K, 34% used [0x00000000fe080000,0x00000000fe9b6300,0x00000000ffb80000)
  to   space 30208K, 0% used [0x00000000fc080000,0x00000000fc080000,0x00000000fde00000)
 ParOldGen       total 181248K, used 133176K [0x00000000c1600000, 0x00000000cc700000, 0x00000000eb200000)
  object space 181248K, 73% used [0x00000000c1600000,0x00000000c980e298,0x00000000cc700000)
 Metaspace       used 245479K, capacity 252772K, committed 253272K, reserved 1280000K
  class space    used 21055K, capacity 22494K, committed 22656K, reserved 1048576K
Event: 10695.690 GC heap after
Heap after GC invocations=303 (full 56):
 PSYoungGen      total 307200K, used 18263K [0x00000000eb200000, 0x0000000100000000, 0x0000000100000000)
  eden space 276992K, 0% used [0x00000000eb200000,0x00000000eb200000,0x00000000fc080000)
  from space 30208K, 60% used [0x00000000fc080000,0x00000000fd255d58,0x00000000fde00000)
  to   space 31232K, 0% used [0x00000000fe180000,0x00000000fe180000,0x0000000100000000)
 ParOldGen       total 181248K, used 133176K [0x00000000c1600000, 0x00000000cc700000, 0x00000000eb200000)
  object space 181248K, 73% used [0x00000000c1600000,0x00000000c980e298,0x00000000cc700000)
 Metaspace       used 245479K, capacity 252772K, committed 253272K, reserved 1280000K
  class space    used 21055K, capacity 22494K, committed 22656K, reserved 1048576K
}
Event: 10707.801 GC heap before
{Heap before GC invocations=304 (full 56):
 PSYoungGen      total 307200K, used 248454K [0x00000000eb200000, 0x0000000100000000, 0x0000000100000000)
  eden space 276992K, 83% used [0x00000000eb200000,0x00000000f92cbd10,0x00000000fc080000)
  from space 30208K, 60% used [0x00000000fc080000,0x00000000fd255d58,0x00000000fde00000)
  to   space 31232K, 0% used [0x00000000fe180000,0x00000000fe180000,0x0000000100000000)
 ParOldGen       total 181248K, used 133176K [0x00000000c1600000, 0x00000000cc700000, 0x00000000eb200000)
  object space 181248K, 73% used [0x00000000c1600000,0x00000000c980e298,0x00000000cc700000)
 Metaspace       used 247549K, capacity 254938K, committed 255064K, reserved 1282048K
  class space    used 21167K, capacity 22600K, committed 22656K, reserved 1048576K
Event: 10707.816 GC heap after
Heap after GC invocations=304 (full 56):
 PSYoungGen      total 311808K, used 5168K [0x00000000eb200000, 0x0000000100000000, 0x0000000100000000)
  eden space 280576K, 0% used [0x00000000eb200000,0x00000000eb200000,0x00000000fc400000)
  from space 31232K, 16% used [0x00000000fe180000,0x00000000fe68c090,0x0000000100000000)
  to   space 30208K, 0% used [0x00000000fc400000,0x00000000fc400000,0x00000000fe180000)
 ParOldGen       total 181248K, used 133176K [0x00000000c1600000, 0x00000000cc700000, 0x00000000eb200000)
  object space 181248K, 73% used [0x00000000c1600000,0x00000000c980e298,0x00000000cc700000)
 Metaspace       used 247549K, capacity 254938K, committed 255064K, reserved 1282048K
  class space    used 21167K, capacity 22600K, committed 22656K, reserved 1048576K
}
Event: 10707.816 GC heap before
{Heap before GC invocations=305 (full 57):
 PSYoungGen      total 311808K, used 5168K [0x00000000eb200000, 0x0000000100000000, 0x0000000100000000)
  eden space 280576K, 0% used [0x00000000eb200000,0x00000000eb200000,0x00000000fc400000)
  from space 31232K, 16% used [0x00000000fe180000,0x00000000fe68c090,0x0000000100000000)
  to   space 30208K, 0% used [0x00000000fc400000,0x00000000fc400000,0x00000000fe180000)
 ParOldGen       total 181248K, used 133176K [0x00000000c1600000, 0x00000000cc700000, 0x00000000eb200000)
  object space 181248K, 73% used [0x00000000c1600000,0x00000000c980e298,0x00000000cc700000)
 Metaspace       used 247549K, capacity 254938K, committed 255064K, reserved 1282048K
  class space    used 21167K, capacity 22600K, committed 22656K, reserved 1048576K

Deoptimization events (10 events):
Event: 9360.615 Thread 0x000000001a426800 Uncommon trap: reason=bimorphic action=maybe_recompile pc=0x000000000395c57c method=org.hibernate.loader.Loader.processResultSet(Ljava/sql/ResultSet;Lorg/hibernate/engine/spi/QueryParameters;Lorg/hibernate/engine/spi/SessionImplementor;ZLorg/hibernate/tranaÄï‘NH¬@
Event: 9360.616 Thread 0x000000001a426800 Uncommon trap: reason=unstable_if action=reinterpret pc=0x0000000004232c68 method=org.hibernate.loader.Loader.registerNonExists([Lorg/hibernate/engine/spi/EntityKey;[Lorg/hibernate/persister/entity/Loadable;Lorg/hibernate/engine/spi/SessionImplementor;)V @
Event: 9797.644 Thread 0x000000001a426800 Uncommon trap: reason=class_check action=maybe_recompile pc=0x00000000068f10e4 method=org.hibernate.engine.internal.TwoPhaseLoad.doInitializeEntity(Ljava/lang/Object;Lorg/hibernate/engine/spi/EntityEntry;ZLorg/hibernate/engine/spi/SessionImplementor;Lorg/h≥*¨Få√@
Event: 10008.552 Thread 0x000000001a424000 Uncommon trap: reason=unstable_if action=reinterpret pc=0x00000000048b92a0 method=java.util.concurrent.locks.AbstractQueuedSynchronizer.doReleaseShared()V @ 24
Event: 10011.564 Thread 0x000000001a41e800 Uncommon trap: reason=predicate action=maybe_recompile pc=0x00000000069fff88 method=org.springframework.core.annotation.AnnotationUtils.synthesizeAnnotationArray([Ljava/lang/annotation/Annotation;Ljava/lang/Object;)[Ljava/lang/annotation/Annotation; @ 33
Event: 10131.673 Thread 0x000000001a424000 Uncommon trap: reason=null_check action=make_not_entrant pc=0x000000000423bedc method=org.hibernate.loader.Loader.extractKeysFromResultSet([Lorg/hibernate/persister/entity/Loadable;Lorg/hibernate/engine/spi/QueryParameters;Ljava/sql/ResultSet;Lorg/hibernatÖ]'8÷…√@
Event: 10131.674 Thread 0x000000001a424000 Uncommon trap: reason=unstable_if action=reinterpret pc=0x00000000060b72e4 method=org.hibernate.loader.Loader.getRow(Ljava/sql/ResultSet;[Lorg/hibernate/persister/entity/Loadable;[Lorg/hibernate/engine/spi/EntityKey;Ljava/lang/Object;Lorg/hibernate/engine/®‰…n–√@
Event: 10144.866 Thread 0x000000001a428800 Uncommon trap: reason=null_check action=make_not_entrant pc=0x000000000404ae9c method=java.lang.Class.privateGetMethodRecursive(Ljava/lang/String;[Ljava/lang/Class;ZLjava/lang/Class$MethodArray;)Ljava/lang/reflect/Method; @ 35
Event: 10144.866 Thread 0x000000001a428800 Uncommon trap: reason=null_check action=make_not_entrant pc=0x000000000405ec34 method=java.lang.Class.privateGetMethodRecursive(Ljava/lang/String;[Ljava/lang/Class;ZLjava/lang/Class$MethodArray;)Ljava/lang/reflect/Method; @ 35
Event: 10144.866 Thread 0x000000001a428800 Uncommon trap: reason=null_check action=make_not_entrant pc=0x000000000416ae64 method=java.lang.Class.privateGetDeclaredConstructors(Z)[Ljava/lang/reflect/Constructor; @ 35

Internal exceptions (10 events):
Event: 10696.653 Thread 0x000000001a420000 Exception <a 'java/lang/ClassNotFoundException': java/lang/ObjectCustomizer> (0x00000000f204d960) thrown at [C:\workspace\8-2-build-windows-amd64-cygwin\jdk8u65\4987\hotspot\src\share\vm\classfile\systemDictionary.cpp, line 210]
Event: 10696.653 Thread 0x000000001a420000 Exception <a 'java/lang/ClassNotFoundException': org/springframework/security/config/annotation/web/configuration/WebSecurityConfigurerAdapterCustomizer> (0x00000000f2076600) thrown at [C:\workspace\8-2-build-windows-amd64-cygwin\jdk8u65\4987\hotspot\src\sÑ'∂S‰ƒ@
Event: 10696.654 Thread 0x000000001a420000 Exception <a 'java/lang/ClassNotFoundException': com/mac/green_leaves/v1/zconfig/SecurityConfigurationCustomizer> (0x00000000f209df78) thrown at [C:\workspace\8-2-build-windows-amd64-cygwin\jdk8u65\4987\hotspot\src\share\vm\classfile\systemDictionary.cpp, 42 S‰ƒ@
Event: 10696.655 Thread 0x000000001a420000 Exception <a 'java/lang/ClassNotFoundException': com/mac/green_leaves/v1/zconfig/SecurityConfiguration$$EnhancerBySpringCGLIB$$19fb4ddCustomizer> (0x00000000f20c6348) thrown at [C:\workspace\8-2-build-windows-amd64-cygwin\jdk8u65\4987\hotspot\src\share\vm\V˝≠‚S‰ƒ@
Event: 10696.655 Thread 0x000000001a420000 Exception <a 'java/lang/ClassNotFoundException': org/springframework/context/annotation/ConfigurationClassEnhancer$EnhancedConfigurationCustomizer> (0x00000000f20f9210) thrown at [C:\workspace\8-2-build-windows-amd64-cygwin\jdk8u65\4987\hotspot\src\share\vÆ≠ÔS‰ƒ@
Event: 10696.656 Thread 0x000000001a420000 Exception <a 'java/lang/ClassNotFoundException': org/springframework/security/config/annotation/web/WebSecurityConfigurerCustomizer> (0x00000000f2118070) thrown at [C:\workspace\8-2-build-windows-amd64-cygwin\jdk8u65\4987\hotspot\src\share\vm\classfile\sys9«„Õk‰ƒ@
Event: 10696.842 Thread 0x000000001a420000 Exception <a 'java/lang/ClassNotFoundException': java/lang/ObjectCustomizer> (0x00000000f2a5c3a8) thrown at [C:\workspace\8-2-build-windows-amd64-cygwin\jdk8u65\4987\hotspot\src\share\vm\classfile\systemDictionary.cpp, line 210]
Event: 10696.843 Thread 0x000000001a420000 Exception <a 'java/lang/ClassNotFoundException': com/mac/green_leaves/v1/zexception/handler/SystemExceptionHandlerCustomizer> (0x00000000f2a7ec30) thrown at [C:\workspace\8-2-build-windows-amd64-cygwin\jdk8u65\4987\hotspot\src\share\vm\classfile\systemDict=%ÅﬁÈƒ@
Event: 10707.738 Thread 0x000000001a41b800 Exception <a 'java/lang/InterruptedException': sleep interrupted> (0x00000000f920ef80) thrown at [C:\workspace\8-2-build-windows-amd64-cygwin\jdk8u65\4987\hotspot\src\share\vm\prims\jvm.cpp, line 3215]
Event: 10707.796 Thread 0x000000001a41b000 Exception <a 'java/lang/InterruptedException': sleep interrupted> (0x00000000f924ded0) thrown at [C:\workspace\8-2-build-windows-amd64-cygwin\jdk8u65\4987\hotspot\src\share\vm\prims\jvm.cpp, line 3215]

Events (10 events):
Event: 10707.798 Executing VM operation: RevokeBias done
Event: 10707.798 Executing VM operation: RevokeBias
Event: 10707.798 Executing VM operation: RevokeBias done
Event: 10707.798 Executing VM operation: RevokeBias
Event: 10707.798 Executing VM operation: RevokeBias done
Event: 10707.798 Executing VM operation: RevokeBias
Event: 10707.798 Executing VM operation: RevokeBias done
Event: 10707.798 Thread 0x000000001a41e800 Thread exited: 0x000000001a41e800
Event: 10707.798 Thread 0x000000001a422800 Thread exited: 0x000000001a422800
Event: 10707.801 Executing VM operation: ParallelGCSystemGC


Dynamic libraries:
0x00007ff6f2b10000 - 0x00007ff6f2b47000 	C:\Program Files\Java\jdk1.8.0_65\bin\java.exe
0x00007ff840c80000 - 0x00007ff840e42000 	C:\WINDOWS\SYSTEM32\ntdll.dll
0x00007ff83edd0000 - 0x00007ff83ee7d000 	C:\WINDOWS\system32\KERNEL32.DLL
0x00007ff83db40000 - 0x00007ff83dd1d000 	C:\WINDOWS\system32\KERNELBASE.dll
0x00007ff83e350000 - 0x00007ff83e3f6000 	C:\WINDOWS\system32\ADVAPI32.dll
0x00007ff840970000 - 0x00007ff840a0d000 	C:\WINDOWS\system32\msvcrt.dll
0x00007ff83e930000 - 0x00007ff83e98b000 	C:\WINDOWS\system32\sechost.dll
0x00007ff840af0000 - 0x00007ff840c16000 	C:\WINDOWS\system32\RPCRT4.dll
0x00007ff83ea40000 - 0x00007ff83eb8e000 	C:\WINDOWS\system32\USER32.dll
0x00007ff83e5d0000 - 0x00007ff83e755000 	C:\WINDOWS\system32\GDI32.dll
0x00007ff831290000 - 0x00007ff831504000 	C:\WINDOWS\WinSxS\amd64_microsoft.windows.common-controls_6595b64144ccf1df_6.0.10240.16384_none_f41f7b285750ef43\COMCTL32.dll
0x00007ff840c30000 - 0x00007ff840c66000 	C:\WINDOWS\system32\IMM32.DLL
0x00007ff83ec70000 - 0x00007ff83edcc000 	C:\WINDOWS\system32\MSCTF.dll
0x00000000742d0000 - 0x00000000743a2000 	C:\Program Files\Java\jdk1.8.0_65\jre\bin\msvcr100.dll
0x0000000073340000 - 0x0000000073bc9000 	C:\Program Files\Java\jdk1.8.0_65\jre\bin\server\jvm.dll
0x00007ff840ae0000 - 0x00007ff840ae8000 	C:\WINDOWS\system32\PSAPI.DLL
0x00007ff82eda0000 - 0x00007ff82edc3000 	C:\WINDOWS\SYSTEM32\WINMM.dll
0x00007ff82b5d0000 - 0x00007ff82b5d9000 	C:\WINDOWS\SYSTEM32\WSOCK32.dll
0x00007ff834db0000 - 0x00007ff834dba000 	C:\WINDOWS\SYSTEM32\VERSION.dll
0x00007ff83ef40000 - 0x00007ff83efa9000 	C:\WINDOWS\system32\WS2_32.dll
0x00007ff840c70000 - 0x00007ff840c78000 	C:\WINDOWS\system32\NSI.dll
0x00007ff82ed70000 - 0x00007ff82ed9c000 	C:\WINDOWS\SYSTEM32\WINMMBASE.dll
0x00007ff83d750000 - 0x00007ff83d794000 	C:\WINDOWS\system32\cfgmgr32.dll
0x00007ff83c020000 - 0x00007ff83c047000 	C:\WINDOWS\SYSTEM32\DEVOBJ.dll
0x0000000074280000 - 0x000000007428f000 	C:\Program Files\Java\jdk1.8.0_65\jre\bin\verify.dll
0x0000000074250000 - 0x0000000074279000 	C:\Program Files\Java\jdk1.8.0_65\jre\bin\java.dll
0x0000000074230000 - 0x0000000074246000 	C:\Program Files\Java\jdk1.8.0_65\jre\bin\zip.dll
0x00007ff83f230000 - 0x00007ff840755000 	C:\WINDOWS\system32\SHELL32.dll
0x00007ff83dd20000 - 0x00007ff83e348000 	C:\WINDOWS\system32\windows.storage.dll
0x00007ff83efb0000 - 0x00007ff83f22c000 	C:\WINDOWS\system32\combase.dll
0x00007ff840a10000 - 0x00007ff840a61000 	C:\WINDOWS\system32\shlwapi.dll
0x00007ff83d6b0000 - 0x00007ff83d6bf000 	C:\WINDOWS\system32\kernel.appcore.dll
0x00007ff83da80000 - 0x00007ff83db33000 	C:\WINDOWS\system32\shcore.dll
0x00007ff83d6e0000 - 0x00007ff83d72a000 	C:\WINDOWS\system32\powrprof.dll
0x00007ff83d730000 - 0x00007ff83d743000 	C:\WINDOWS\system32\profapi.dll
0x0000000074140000 - 0x000000007414d000 	C:\Program Files\Java\jdk1.8.0_65\jre\bin\management.dll
0x0000000074210000 - 0x000000007422a000 	C:\Program Files\Java\jdk1.8.0_65\jre\bin\net.dll
0x00007ff83cec0000 - 0x00007ff83cf1d000 	C:\WINDOWS\system32\mswsock.dll
0x00007ff833670000 - 0x00007ff833685000 	C:\WINDOWS\system32\napinsp.dll
0x00007ff833650000 - 0x00007ff83366a000 	C:\WINDOWS\system32\pnrpnsp.dll
0x00007ff83bbb0000 - 0x00007ff83bbc8000 	C:\WINDOWS\system32\NLAapi.dll
0x00007ff83cc60000 - 0x00007ff83cd08000 	C:\WINDOWS\SYSTEM32\DNSAPI.dll
0x00007ff833640000 - 0x00007ff83364d000 	C:\WINDOWS\System32\winrnr.dll
0x00007ff833620000 - 0x00007ff833635000 	C:\WINDOWS\system32\wshbth.dll
0x00007ff8353f0000 - 0x00007ff8353fa000 	C:\Windows\System32\rasadhlp.dll
0x00007ff838150000 - 0x00007ff838188000 	C:\WINDOWS\SYSTEM32\IPHLPAPI.DLL
0x00007ff838140000 - 0x00007ff83814b000 	C:\WINDOWS\SYSTEM32\WINNSI.DLL
0x00007ff8359b0000 - 0x00007ff835a18000 	C:\WINDOWS\System32\fwpuclnt.dll
0x00007ff83d5e0000 - 0x00007ff83d608000 	C:\WINDOWS\SYSTEM32\bcrypt.dll
0x00000000741f0000 - 0x0000000074201000 	C:\Program Files\Java\jdk1.8.0_65\jre\bin\nio.dll
0x00007ff83cf20000 - 0x00007ff83cf37000 	C:\WINDOWS\SYSTEM32\CRYPTSP.dll
0x00007ff83cb10000 - 0x00007ff83cb43000 	C:\WINDOWS\system32\rsaenh.dll
0x00007ff83cd10000 - 0x00007ff83cd2f000 	C:\WINDOWS\SYSTEM32\USERENV.dll
0x00007ff83d4d0000 - 0x00007ff83d53b000 	C:\WINDOWS\system32\bcryptprimitives.dll
0x00007ff83d090000 - 0x00007ff83d09b000 	C:\WINDOWS\SYSTEM32\CRYPTBASE.dll
0x00007ff8376f0000 - 0x00007ff837706000 	C:\WINDOWS\SYSTEM32\dhcpcsvc6.DLL
0x00007ff837da0000 - 0x00007ff837dba000 	C:\WINDOWS\SYSTEM32\dhcpcsvc.DLL
0x00007ff835200000 - 0x00007ff83538a000 	C:\WINDOWS\SYSTEM32\dbghelp.dll

VM Arguments:
java_command: com.mac.green_leaves.Application
java_class_path (initial): E:\SVISION_PROJECTS\green_leaves\GREEN_LEAVES\target\classes;C:\Users\Don\.m2\repository\org\springframework\boot\spring-boot-starter-web\1.4.0.RELEASE\spring-boot-starter-web-1.4.0.RELEASE.jar;C:\Users\Don\.m2\repository\org\springframework\boot\spring-boot-starter\1.4.0.RELEASE\spring-boot-starter-1.4.0.RELEASE.jar;C:\Users\Don\.m2\repository\org\springframework\boot\spring-boot-starter-logging\1.4.0.RELEASE\spring-boot-starter-logging-1.4.0.RELEASE.jar;C:\Users\Don\.m2\repository\ch\qos\logback\logback-classic\1.1.7\logback-classic-1.1.7.jar;C:\Users\Don\.m2\repository\ch\qos\logback\logback-core\1.1.7\logback-core-1.1.7.jar;C:\Users\Don\.m2\repository\org\slf4j\jul-to-slf4j\1.7.21\jul-to-slf4j-1.7.21.jar;C:\Users\Don\.m2\repository\org\slf4j\log4j-over-slf4j\1.7.21\log4j-over-slf4j-1.7.21.jar;C:\Users\Don\.m2\repository\org\springframework\spring-core\4.3.2.RELEASE\spring-core-4.3.2.RELEASE.jar;C:\Users\Don\.m2\repository\org\yaml\snakeyaml\1.17\snakeyaml-1.17.jar;C:\Users\Don\.m2\repository\org\springframework\boot\spring-boot-starter-tomcat\1.4.0.RELEASE\spring-boot-starter-tomcat-1.4.0.RELEASE.jar;C:\Users\Don\.m2\repository\org\apache\tomcat\embed\tomcat-embed-core\8.5.4\tomcat-embed-core-8.5.4.jar;C:\Users\Don\.m2\repository\org\apache\tomcat\embed\tomcat-embed-el\8.5.4\tomcat-embed-el-8.5.4.jar;C:\Users\Don\.m2\repository\org\apache\tomcat\embed\tomcat-embed-websocket\8.5.4\tomcat-embed-websocket-8.5.4.jar;C:\Users\Don\.m2\repository\org\hibernate\hibernate-validator\5.2.4.Final\hibernate-validator-5.2.4.Final.jar;C:\Users\Don\.m2\repository\javax\validation\validation-api\1.1.0.Final\validation-api-1.1.0.Final.jar;C:\Users\Don\.m2\repository\org\jboss\logging\jboss-logging\3.3.0.Final\jboss-logging-3.3.0.Final.jar;C:\Users\Don\.m2\repository\com\fasterxml\classmate\1.3.1\classmate-1.3.1.jar;C:\Users\Don\.m2\repository\com\fasterxml\jackson\core\jackson-databind\2.8.1\jackson-databind-2.8.1.jar;C:\Users\Don\.m2\repository\org\s
Launcher Type: SUN_STANDARD

Environment Variables:
JAVA_HOME=C:\Program Files\Java\jdk1.8.0_65
PATH=C:\ProgramData\Oracle\Java\javapath;C:\WINDOWS\system32;C:\WINDOWS;C:\WINDOWS\System32\Wbem;C:\WINDOWS\System32\WindowsPowerShell\v1.0\;C:\Program Files\Java\jdk1.8.0_65\bin;C:\Program Files\Git\cmd;C:\Program Files\nodejs\;C:\Program Files (x86)\Brackets\command;C:\Users\Don\AppData\Roaming\npm
USERNAME=Don
OS=Windows_NT
PROCESSOR_IDENTIFIER=Intel64 Family 6 Model 61 Stepping 4, GenuineIntel



---------------  S Y S T E M  ---------------

OS: Windows 10.0 , 64 bit Build 10240 (10.0.10240.16384)

CPU:total 4 (2 cores per cpu, 2 threads per core) family 6 model 61 stepping 4, cmov, cx8, fxsr, mmx, sse, sse2, sse3, ssse3, sse4.1, sse4.2, popcnt, avx, avx2, aes, clmul, erms, 3dnowpref, lzcnt, ht, tsc, tscinvbit, bmi1, bmi2, adx

Memory: 4k page, physical 4103580k(350428k free), swap 8512244k(1888132k free)

vm_info: Java HotSpot(TM) 64-Bit Server VM (25.65-b01) for windows-amd64 JRE (1.8.0_65-b17), built on Oct  6 2015 16:39:20 by "java_re" with MS VC++ 10.0 (VS2010)

time: Mon Feb 13 14:00:22 2017
elapsed time: 10710 seconds (0d 2h 58m 30s)

