#
# A fatal error has been detected by the Java Runtime Environment:
#
#  EXCEPTION_ACCESS_VIOLATION (0xc0000005) at pc=0x000000006169e590, pid=3396, tid=5724
#
# JRE version: Java(TM) SE Runtime Environment (8.0_65-b17) (build 1.8.0_65-b17)
# Java VM: Java HotSpot(TM) 64-Bit Server VM (25.65-b01 mixed mode windows-amd64 compressed oops)
# Problematic frame:
# V  [jvm.dll+0xae590]
#
# Failed to write core dump. Minidumps are not enabled by default on client versions of Windows
#
# If you would like to submit a bug report, please visit:
#   http://bugreport.java.com/bugreport/crash.jsp
#

---------------  T H R E A D  ---------------

Current thread (0x000000000254f000):  GCTaskThread [stack: 0x0000000012040000,0x0000000012140000] [id=5724]

siginfo: ExceptionCode=0xc0000005, reading address 0x0000000000000008

Registers:
RAX=0x0000000000000000, RBX=0x00000000fdebd3e8, RCX=0x00000000fdebd3e8, RDX=0x0000000000000000
RSP=0x000000001213f088, RBP=0x0000000011a064e7, RSI=0x000000000261f840, RDI=0x00000000c4285a00
R8 =0x000000000261f840, R9 =0x000000000000003a, R10=0xc1a9aa6000000000, R11=0x00000000fe9e1a88
R12=0x0000000011a0642c, R13=0x0000000000000000, R14=0x0000000000000000, R15=0x00000000025443c0
RIP=0x000000006169e590, EFLAGS=0x0000000000010246

Top of Stack: (sp=0x000000001213f088)
0x000000001213f088:   00000000619eade2 00000000fdb52180
0x000000001213f098:   000000000000000b 000000000261f840
0x000000001213f0a8:   00000000fe502468 00000000fe9dc080
0x000000001213f0b8:   0000000000001000 000000000261f840
0x000000001213f0c8:   0000000061701673 0000000000000000
0x000000001213f0d8:   000000000261f800 0000000011a0642c
0x000000001213f0e8:   00000000619eb150 00000000c4285818
0x000000001213f0f8:   0000000011a064e7 000000000261f840
0x000000001213f108:   00000000c4285a00 00000000c4285818
0x000000001213f118:   00000000619ebcf5 00000000fde8c630
0x000000001213f128:   00000000119f8a81 000000000261f840
0x000000001213f138:   0000000000000007 000000000261f840
0x000000001213f148:   00007ffc495e415f 00000000c4180204
0x000000001213f158:   0000000061703457 000000000261f840
0x000000001213f168:   0000000061701673 00000000c42859f9
0x000000001213f178:   00000000c42859f9 00000000c4285598 

Instructions: (pc=0x000000006169e590)
0x000000006169e570:   ec a6 1d 00 48 8b 9c 24 d0 00 00 00 48 81 c4 c0
0x000000006169e580:   00 00 00 5d c3 cc cc cc cc cc cc cc cc cc cc cc
0x000000006169e590:   44 8b 42 08 4c 8b ca 45 85 c0 7e 0e 41 f6 c0 01
0x000000006169e5a0:   75 57 41 c1 f8 03 41 8b c0 c3 79 4d 80 3d be 1c 


Register to memory mapping:

RAX=0x0000000000000000 is an unknown value
RBX=0x00000000fdebd3e8 is an unknown value
RCX=0x00000000fdebd3e8 is an unknown value
RDX=0x0000000000000000 is an unknown value
RSP=0x000000001213f088 is an unknown value
RBP=0x0000000011a064e7 is an unknown value
RSI=0x000000000261f840 is an unknown value
RDI=0x00000000c4285a00 is an oop
java.util.HashMap$Node 
 - klass: 'java/util/HashMap$Node'
R8 =0x000000000261f840 is an unknown value
R9 =0x000000000000003a is an unknown value
R10=0xc1a9aa6000000000 is an unknown value
R11=0x00000000fe9e1a88 is an oop
java.lang.reflect.Method 
 - klass: 'java/lang/reflect/Method'
R12=0x0000000011a0642c is an unknown value
R13=0x0000000000000000 is an unknown value
R14=0x0000000000000000 is an unknown value
R15=0x00000000025443c0 is an unknown value


Stack: [0x0000000012040000,0x0000000012140000],  sp=0x000000001213f088,  free space=1020k
Native frames: (J=compiled Java code, j=interpreted, Vv=VM code, C=native code)
V  [jvm.dll+0xae590]


---------------  P R O C E S S  ---------------

Java Threads: ( => current thread )
  0x000000001b3a9800 JavaThread "http-nio-8080-exec-10" daemon [_thread_blocked, id=2276, stack(0x0000000020970000,0x0000000020a70000)]
  0x000000001b3ad800 JavaThread "http-nio-8080-exec-9" daemon [_thread_blocked, id=2136, stack(0x0000000020670000,0x0000000020770000)]
  0x000000001b3af000 JavaThread "http-nio-8080-exec-8" daemon [_thread_blocked, id=3392, stack(0x0000000020570000,0x0000000020670000)]
  0x000000001b3a1800 JavaThread "http-nio-8080-exec-7" daemon [_thread_blocked, id=2568, stack(0x000000001fce0000,0x000000001fde0000)]
  0x000000001b3a6800 JavaThread "http-nio-8080-exec-6" daemon [_thread_blocked, id=5984, stack(0x000000001fbe0000,0x000000001fce0000)]
  0x000000001b3a8000 JavaThread "http-nio-8080-exec-5" daemon [_thread_blocked, id=1152, stack(0x000000001fae0000,0x000000001fbe0000)]
  0x000000001b3a2000 JavaThread "http-nio-8080-exec-4" daemon [_thread_blocked, id=2936, stack(0x000000001f9e0000,0x000000001fae0000)]
  0x000000001b3a5000 JavaThread "http-nio-8080-exec-3" daemon [_thread_blocked, id=1580, stack(0x000000001d290000,0x000000001d390000)]
  0x000000001b3a6000 JavaThread "http-nio-8080-exec-2" daemon [_thread_blocked, id=5272, stack(0x000000001a230000,0x000000001a330000)]
  0x000000001b3a3800 JavaThread "http-nio-8080-exec-1" daemon [_thread_blocked, id=1928, stack(0x0000000018b60000,0x0000000018c60000)]
  0x000000001b3a3000 JavaThread "DestroyJavaVM" [_thread_blocked, id=1504, stack(0x0000000002430000,0x0000000002530000)]
  0x000000001b3a7800 JavaThread "http-nio-8080-AsyncTimeout" daemon [_thread_blocked, id=5704, stack(0x0000000020370000,0x0000000020470000)]
  0x0000000014c42000 JavaThread "http-nio-8080-Acceptor-0" daemon [_thread_in_native, id=5556, stack(0x0000000020270000,0x0000000020370000)]
  0x0000000014c42800 JavaThread "http-nio-8080-ClientPoller-1" daemon [_thread_in_native, id=5448, stack(0x0000000020170000,0x0000000020270000)]
  0x0000000014c41000 JavaThread "http-nio-8080-ClientPoller-0" daemon [_thread_in_native, id=3196, stack(0x0000000020070000,0x0000000020170000)]
  0x0000000014c40800 JavaThread "NioBlockingSelector.BlockPoller-1" daemon [_thread_in_native, id=5060, stack(0x000000001f530000,0x000000001f630000)]
  0x0000000014c3f800 JavaThread "Live Reload Server" daemon [_thread_in_native, id=4512, stack(0x000000001f8e0000,0x000000001f9e0000)]
  0x0000000014c3f000 JavaThread "File Watcher" daemon [_thread_blocked, id=2744, stack(0x000000001f430000,0x000000001f530000)]
  0x000000001b148800 JavaThread "Abandoned connection cleanup thread" daemon [_thread_blocked, id=3128, stack(0x000000001bef0000,0x000000001bff0000)]
  0x0000000016ba5000 JavaThread "Tomcat JDBC Pool Cleaner[1309552426:1484907761403]" daemon [_thread_blocked, id=5876, stack(0x000000001bdf0000,0x000000001bef0000)]
  0x000000001974c000 JavaThread "container-0" [_thread_blocked, id=4320, stack(0x000000001b680000,0x000000001b780000)]
  0x0000000016e92000 JavaThread "ContainerBackgroundProcessor[StandardEngine[Tomcat].StandardHost[localhost].StandardContext[]]" daemon [_thread_blocked, id=3492, stack(0x000000001a550000,0x000000001a650000)]
  0x00000000165a0800 JavaThread "Service Thread" daemon [_thread_blocked, id=5880, stack(0x0000000016970000,0x0000000016a70000)]
  0x0000000014c3c800 JavaThread "C1 CompilerThread2" daemon [_thread_blocked, id=2912, stack(0x0000000016470000,0x0000000016570000)]
  0x0000000014c3a800 JavaThread "C2 CompilerThread1" daemon [_thread_blocked, id=4660, stack(0x0000000016370000,0x0000000016470000)]
  0x0000000014c34000 JavaThread "C2 CompilerThread0" daemon [_thread_blocked, id=5760, stack(0x0000000016270000,0x0000000016370000)]
  0x0000000014c32800 JavaThread "Attach Listener" daemon [_thread_blocked, id=3988, stack(0x0000000016170000,0x0000000016270000)]
  0x0000000014c31000 JavaThread "Signal Dispatcher" daemon [_thread_blocked, id=6052, stack(0x0000000016070000,0x0000000016170000)]
  0x000000000262a800 JavaThread "Finalizer" daemon [_thread_blocked, id=5408, stack(0x0000000015e90000,0x0000000015f90000)]
  0x0000000014bf8800 JavaThread "Reference Handler" daemon [_thread_blocked, id=1008, stack(0x0000000015d90000,0x0000000015e90000)]

Other Threads:
  0x0000000014bf7000 VMThread [stack: 0x0000000015c90000,0x0000000015d90000] [id=772]
  0x0000000014c7f800 WatcherThread [stack: 0x0000000016a70000,0x0000000016b70000] [id=2264]

=>0x000000000254f000 (exited) GCTaskThread [stack: 0x0000000012040000,0x0000000012140000] [id=5724]

VM state:at safepoint (normal execution)

VM Mutex/Monitor currently owned by a thread:  ([mutex/lock_event])
[0x00000000025305d0] Threads_lock - owner thread: 0x0000000014bf7000
[0x0000000002530c50] Heap_lock - owner thread: 0x0000000014c3f000

Heap:
 PSYoungGen      total 301568K, used 301200K [0x00000000eb200000, 0x00000000ff200000, 0x0000000100000000)
  eden space 290816K, 100% used [0x00000000eb200000,0x00000000fce00000,0x00000000fce00000)
  from space 10752K, 96% used [0x00000000fdb00000,0x00000000fe5240e0,0x00000000fe580000)
  to   space 12800K, 74% used [0x00000000fe580000,0x00000000feec40e0,0x00000000ff200000)
 ParOldGen       total 64512K, used 46155K [0x00000000c1600000, 0x00000000c5500000, 0x00000000eb200000)
  object space 64512K, 71% used [0x00000000c1600000,0x00000000c4312df8,0x00000000c5500000)
 Metaspace       used 56093K, capacity 57002K, committed 57128K, reserved 1099776K
  class space    used 6979K, capacity 7174K, committed 7208K, reserved 1048576K

Card table byte_map: [0x00000000119f0000,0x0000000011bf0000] byte_map_base: 0x00000000113e5000

Marking Bits: (ParMarkBitMap*) 0x0000000061dfa5b0
 Begin Bits: [0x0000000012140000, 0x00000000130e8000)
 End Bits:   [0x00000000130e8000, 0x0000000014090000)

Polling page: 0x0000000000b20000

CodeCache: size=245760Kb used=21007Kb max_used=21025Kb free=224752Kb
 bounds [0x0000000002630000, 0x0000000003ae0000, 0x0000000011630000]
 total_blobs=7383 nmethods=6834 adapters=460
 compilation: enabled

Compilation events (10 events):
Event: 1673.105 Thread 0x0000000014c3c800 8028       3       java.util.concurrent.ConcurrentHashMap$KeySetView::iterator (34 bytes)
Event: 1673.108 Thread 0x0000000014c3c800 nmethod 8028 0x00000000035d6ad0 code [0x00000000035d6c60, 0x00000000035d7078]
Event: 1676.789 Thread 0x0000000014c3a800 8029       4       sun.nio.ch.SelectorImpl::select (34 bytes)
Event: 1676.898 Thread 0x0000000014c3a800 nmethod 8029 0x0000000003acf8d0 code [0x0000000003acfba0, 0x0000000003ad2908]
Event: 1687.351 Thread 0x0000000014c3c800 8030       1       org.apache.catalina.loader.WebappLoader::getClassLoader (5 bytes)
Event: 1687.353 Thread 0x0000000014c3c800 nmethod 8030 0x00000000035d6790 code [0x00000000035d68e0, 0x00000000035d69f0]
Event: 1690.827 Thread 0x0000000014c3c800 8031       3       org.apache.tomcat.util.net.NioBlockingSelector$BlockPoller::events (48 bytes)
Event: 1690.828 Thread 0x0000000014c3c800 nmethod 8031 0x00000000035d8910 code [0x00000000035d8ac0, 0x00000000035d9198]
Event: 1797.460 Thread 0x0000000014c3c800 8032       3       org.apache.tomcat.jdbc.pool.FairBlockingQueue::size (8 bytes)
Event: 1797.464 Thread 0x0000000014c3c800 nmethod 8032 0x0000000003641190 code [0x00000000036412e0, 0x0000000003641470]

GC Heap History (10 events):
Event: 12.019 GC heap after
Heap after GC invocations=15 (full 2):
 PSYoungGen      total 248832K, used 11240K [0x00000000eb200000, 0x00000000ff580000, 0x0000000100000000)
  eden space 237568K, 0% used [0x00000000eb200000,0x00000000eb200000,0x00000000f9a00000)
  from space 11264K, 99% used [0x00000000f9a00000,0x00000000fa4fa040,0x00000000fa500000)
  to   space 17408K, 0% used [0x00000000fe480000,0x00000000fe480000,0x00000000ff580000)
 ParOldGen       total 64512K, used 35640K [0x00000000c1600000, 0x00000000c5500000, 0x00000000eb200000)
  object space 64512K, 55% used [0x00000000c1600000,0x00000000c38ce130,0x00000000c5500000)
 Metaspace       used 46651K, capacity 47316K, committed 47528K, reserved 1091584K
  class space    used 5852K, capacity 6033K, committed 6056K, reserved 1048576K
}
Event: 49.429 GC heap before
{Heap before GC invocations=16 (full 2):
 PSYoungGen      total 248832K, used 248808K [0x00000000eb200000, 0x00000000ff580000, 0x0000000100000000)
  eden space 237568K, 100% used [0x00000000eb200000,0x00000000f9a00000,0x00000000f9a00000)
  from space 11264K, 99% used [0x00000000f9a00000,0x00000000fa4fa040,0x00000000fa500000)
  to   space 17408K, 0% used [0x00000000fe480000,0x00000000fe480000,0x00000000ff580000)
 ParOldGen       total 64512K, used 35640K [0x00000000c1600000, 0x00000000c5500000, 0x00000000eb200000)
  object space 64512K, 55% used [0x00000000c1600000,0x00000000c38ce130,0x00000000c5500000)
 Metaspace       used 52337K, capacity 53124K, committed 53416K, reserved 1095680K
  class space    used 6621K, capacity 6805K, committed 6824K, reserved 1048576K
Event: 49.497 GC heap after
Heap after GC invocations=16 (full 2):
 PSYoungGen      total 301056K, used 12842K [0x00000000eb200000, 0x00000000ff180000, 0x0000000100000000)
  eden space 287744K, 0% used [0x00000000eb200000,0x00000000eb200000,0x00000000fcb00000)
  from space 13312K, 96% used [0x00000000fe480000,0x00000000ff10a900,0x00000000ff180000)
  to   space 18432K, 0% used [0x00000000fcd80000,0x00000000fcd80000,0x00000000fdf80000)
 ParOldGen       total 64512K, used 46131K [0x00000000c1600000, 0x00000000c5500000, 0x00000000eb200000)
  object space 64512K, 71% used [0x00000000c1600000,0x00000000c430cdf8,0x00000000c5500000)
 Metaspace       used 52337K, capacity 53124K, committed 53416K, reserved 1095680K
  class space    used 6621K, capacity 6805K, committed 6824K, reserved 1048576K
}
Event: 403.196 GC heap before
{Heap before GC invocations=17 (full 2):
 PSYoungGen      total 301056K, used 300586K [0x00000000eb200000, 0x00000000ff180000, 0x0000000100000000)
  eden space 287744K, 100% used [0x00000000eb200000,0x00000000fcb00000,0x00000000fcb00000)
  from space 13312K, 96% used [0x00000000fe480000,0x00000000ff10a900,0x00000000ff180000)
  to   space 18432K, 0% used [0x00000000fcd80000,0x00000000fcd80000,0x00000000fdf80000)
 ParOldGen       total 64512K, used 46131K [0x00000000c1600000, 0x00000000c5500000, 0x00000000eb200000)
  object space 64512K, 71% used [0x00000000c1600000,0x00000000c430cdf8,0x00000000c5500000)
 Metaspace       used 56086K, capacity 57002K, committed 57128K, reserved 1099776K
  class space    used 6979K, capacity 7174K, committed 7208K, reserved 1048576K
Event: 403.287 GC heap after
Heap after GC invocations=17 (full 2):
 PSYoungGen      total 308736K, used 12518K [0x00000000eb200000, 0x0000000100000000, 0x0000000100000000)
  eden space 290304K, 0% used [0x00000000eb200000,0x00000000eb200000,0x00000000fcd80000)
  from space 18432K, 67% used [0x00000000fcd80000,0x00000000fd9b9b48,0x00000000fdf80000)
  to   space 18944K, 0% used [0x00000000fed80000,0x00000000fed80000,0x0000000100000000)
 ParOldGen       total 64512K, used 46139K [0x00000000c1600000, 0x00000000c5500000, 0x00000000eb200000)
  object space 64512K, 71% used [0x00000000c1600000,0x00000000c430edf8,0x00000000c5500000)
 Metaspace       used 56086K, capacity 57002K, committed 57128K, reserved 1099776K
  class space    used 6979K, capacity 7174K, committed 7208K, reserved 1048576K
}
Event: 875.446 GC heap before
{Heap before GC invocations=18 (full 2):
 PSYoungGen      total 308736K, used 302822K [0x00000000eb200000, 0x0000000100000000, 0x0000000100000000)
  eden space 290304K, 100% used [0x00000000eb200000,0x00000000fcd80000,0x00000000fcd80000)
  from space 18432K, 67% used [0x00000000fcd80000,0x00000000fd9b9b48,0x00000000fdf80000)
  to   space 18944K, 0% used [0x00000000fed80000,0x00000000fed80000,0x0000000100000000)
 ParOldGen       total 64512K, used 46139K [0x00000000c1600000, 0x00000000c5500000, 0x00000000eb200000)
  object space 64512K, 71% used [0x00000000c1600000,0x00000000c430edf8,0x00000000c5500000)
 Metaspace       used 56087K, capacity 57002K, committed 57128K, reserved 1099776K
  class space    used 6979K, capacity 7174K, committed 7208K, reserved 1048576K
Event: 875.489 GC heap after
Heap after GC invocations=18 (full 2):
 PSYoungGen      total 323072K, used 10400K [0x00000000eb200000, 0x0000000100000000, 0x0000000100000000)
  eden space 304128K, 0% used [0x00000000eb200000,0x00000000eb200000,0x00000000fdb00000)
  from space 18944K, 54% used [0x00000000fed80000,0x00000000ff7a80f0,0x0000000100000000)
  to   space 18944K, 0% used [0x00000000fdb00000,0x00000000fdb00000,0x00000000fed80000)
 ParOldGen       total 64512K, used 46147K [0x00000000c1600000, 0x00000000c5500000, 0x00000000eb200000)
  object space 64512K, 71% used [0x00000000c1600000,0x00000000c4310df8,0x00000000c5500000)
 Metaspace       used 56087K, capacity 57002K, committed 57128K, reserved 1099776K
  class space    used 6979K, capacity 7174K, committed 7208K, reserved 1048576K
}
Event: 1378.152 GC heap before
{Heap before GC invocations=19 (full 2):
 PSYoungGen      total 323072K, used 314528K [0x00000000eb200000, 0x0000000100000000, 0x0000000100000000)
  eden space 304128K, 100% used [0x00000000eb200000,0x00000000fdb00000,0x00000000fdb00000)
  from space 18944K, 54% used [0x00000000fed80000,0x00000000ff7a80f0,0x0000000100000000)
  to   space 18944K, 0% used [0x00000000fdb00000,0x00000000fdb00000,0x00000000fed80000)
 ParOldGen       total 64512K, used 46147K [0x00000000c1600000, 0x00000000c5500000, 0x00000000eb200000)
  object space 64512K, 71% used [0x00000000c1600000,0x00000000c4310df8,0x00000000c5500000)
 Metaspace       used 56092K, capacity 57002K, committed 57128K, reserved 1099776K
  class space    used 6979K, capacity 7174K, committed 7208K, reserved 1048576K
Event: 1378.186 GC heap after
Heap after GC invocations=19 (full 2):
 PSYoungGen      total 301568K, used 10384K [0x00000000eb200000, 0x00000000ff200000, 0x0000000100000000)
  eden space 290816K, 0% used [0x00000000eb200000,0x00000000eb200000,0x00000000fce00000)
  from space 10752K, 96% used [0x00000000fdb00000,0x00000000fe5240e0,0x00000000fe580000)
  to   space 12800K, 0% used [0x00000000fe580000,0x00000000fe580000,0x00000000ff200000)
 ParOldGen       total 64512K, used 46155K [0x00000000c1600000, 0x00000000c5500000, 0x00000000eb200000)
  object space 64512K, 71% used [0x00000000c1600000,0x00000000c4312df8,0x00000000c5500000)
 Metaspace       used 56092K, capacity 57002K, committed 57128K, reserved 1099776K
  class space    used 6979K, capacity 7174K, committed 7208K, reserved 1048576K
}
Event: 1863.744 GC heap before
{Heap before GC invocations=20 (full 2):
 PSYoungGen      total 301568K, used 301200K [0x00000000eb200000, 0x00000000ff200000, 0x0000000100000000)
  eden space 290816K, 100% used [0x00000000eb200000,0x00000000fce00000,0x00000000fce00000)
  from space 10752K, 96% used [0x00000000fdb00000,0x00000000fe5240e0,0x00000000fe580000)
  to   space 12800K, 0% used [0x00000000fe580000,0x00000000fe580000,0x00000000ff200000)
 ParOldGen       total 64512K, used 46155K [0x00000000c1600000, 0x00000000c5500000, 0x00000000eb200000)
  object space 64512K, 71% used [0x00000000c1600000,0x00000000c4312df8,0x00000000c5500000)
 Metaspace       used 56093K, capacity 57002K, committed 57128K, reserved 1099776K
  class space    used 6979K, capacity 7174K, committed 7208K, reserved 1048576K

Deoptimization events (10 events):
Event: 55.474 Thread 0x000000001b3ad800 Uncommon trap: reason=unstable_if action=reinterpret pc=0x00000000028cc684 method=java.lang.String.indexOf([CII[CIII)I @ 27
Event: 55.530 Thread 0x0000000014c41000 Uncommon trap: reason=class_check action=maybe_recompile pc=0x000000000385a880 method=java.util.HashMap.removeNode(ILjava/lang/Object;Ljava/lang/Object;ZZ)Ljava/util/HashMap$Node; @ 143
Event: 55.530 Thread 0x0000000014c41000 Uncommon trap: reason=class_check action=maybe_recompile pc=0x000000000385a880 method=java.util.HashMap.removeNode(ILjava/lang/Object;Ljava/lang/Object;ZZ)Ljava/util/HashMap$Node; @ 143
Event: 57.263 Thread 0x0000000014c42800 Uncommon trap: reason=class_check action=maybe_recompile pc=0x000000000385a880 method=java.util.HashMap.removeNode(ILjava/lang/Object;Ljava/lang/Object;ZZ)Ljava/util/HashMap$Node; @ 143
Event: 65.474 Thread 0x000000001b3a5000 Uncommon trap: reason=unstable_if action=reinterpret pc=0x00000000030528e0 method=java.util.concurrent.ConcurrentHashMap.addCount(JI)V @ 34
Event: 66.300 Thread 0x000000001b3ad800 Uncommon trap: reason=unstable_if action=reinterpret pc=0x000000000306cbe4 method=java.util.concurrent.ConcurrentHashMap.addCount(JI)V @ 7
Event: 66.456 Thread 0x000000001b3a2000 Uncommon trap: reason=unstable_if action=reinterpret pc=0x0000000003923628 method=com.fasterxml.jackson.core.io.NumberOutput.outputInt(I[BI)I @ 1
Event: 66.465 Thread 0x000000001b3a6000 Uncommon trap: reason=class_check action=maybe_recompile pc=0x000000000392520c method=org.hibernate.type.AbstractStandardBasicType.deepCopy(Ljava/lang/Object;)Ljava/lang/Object; @ 5
Event: 66.519 Thread 0x0000000014c42800 Uncommon trap: reason=class_check action=maybe_recompile pc=0x000000000385a880 method=java.util.HashMap.removeNode(ILjava/lang/Object;Ljava/lang/Object;ZZ)Ljava/util/HashMap$Node; @ 143
Event: 349.735 Thread 0x0000000014c41000 Uncommon trap: reason=class_check action=maybe_recompile pc=0x000000000385c6a4 method=java.util.HashMap.removeNode(ILjava/lang/Object;Ljava/lang/Object;ZZ)Ljava/util/HashMap$Node; @ 143

Internal exceptions (10 events):
Event: 42.419 Thread 0x000000001b3a6000 Exception <a 'java/lang/ClassNotFoundException': org/springframework/web/servlet/theme/FixedThemeResolverCustomizer> (0x00000000f847b2f8) thrown at [C:\workspace\8-2-build-windows-amd64-cygwin\jdk8u65\4987\hotspot\src\share\vm\classfile\systemDictionary.cp>Î½ËÄ5E@
Event: 42.420 Thread 0x000000001b3a6000 Exception <a 'java/lang/ClassNotFoundException': org/springframework/web/servlet/ThemeResolverCustomizer> (0x00000000f8491c48) thrown at [C:\workspace\8-2-build-windows-amd64-cygwin\jdk8u65\4987\hotspot\src\share\vm\classfile\systemDictionary.cpp, line 210ï“-tè6E@
Event: 42.429 Thread 0x000000001b3a6000 Exception <a 'java/lang/ClassNotFoundException': java/lang/ObjectCustomizer> (0x00000000f84c93f0) thrown at [C:\workspace\8-2-build-windows-amd64-cygwin\jdk8u65\4987\hotspot\src\share\vm\classfile\systemDictionary.cpp, line 210]
Event: 42.432 Thread 0x000000001b3a6000 Exception <a 'java/lang/ClassNotFoundException': org/springframework/web/servlet/view/DefaultRequestToViewNameTranslatorCustomizer> (0x00000000f84e52f8) thrown at [C:\workspace\8-2-build-windows-amd64-cygwin\jdk8u65\4987\hotspot\src\share\vm\classfile\syst
Event: 42.439 Thread 0x000000001b3a6000 Exception <a 'java/lang/ClassNotFoundException': org/springframework/web/servlet/RequestToViewNameTranslatorCustomizer> (0x00000000f850cef0) thrown at [C:\workspace\8-2-build-windows-amd64-cygwin\jdk8u65\4987\hotspot\src\share\vm\classfile\systemDictionaryl•êQv<E@
Event: 42.472 Thread 0x000000001b3a6000 Exception <a 'java/lang/ClassNotFoundException': java/lang/ObjectCustomizer> (0x00000000f8542658) thrown at [C:\workspace\8-2-build-windows-amd64-cygwin\jdk8u65\4987\hotspot\src\share\vm\classfile\systemDictionary.cpp, line 210]
Event: 42.474 Thread 0x000000001b3a6000 Exception <a 'java/lang/ClassNotFoundException': org/springframework/web/servlet/support/AbstractFlashMapManagerCustomizer> (0x00000000f855cbc8) thrown at [C:\workspace\8-2-build-windows-amd64-cygwin\jdk8u65\4987\hotspot\src\share\vm\classfile\systemDictio¦ëúá…=E@
Event: 42.481 Thread 0x000000001b3a6000 Exception <a 'java/lang/ClassNotFoundException': org/springframework/web/servlet/support/SessionFlashMapManagerCustomizer> (0x00000000f857af98) thrown at [C:\workspace\8-2-build-windows-amd64-cygwin\jdk8u65\4987\hotspot\src\share\vm\classfile\systemDiction=ŠNÙ=E@
Event: 42.483 Thread 0x000000001b3a6000 Exception <a 'java/lang/ClassNotFoundException': org/springframework/web/servlet/FlashMapManagerCustomizer> (0x00000000f85916b8) thrown at [C:\workspace\8-2-build-windows-amd64-cygwin\jdk8u65\4987\hotspot\src\share\vm\classfile\systemDictionary.cpp, line 2PgˆËœP@
Event: 66.450 Thread 0x000000001b3a2000 Exception <a 'java/lang/reflect/InvocationTargetException'> (0x00000000ef37bab8) thrown at [C:\workspace\8-2-build-windows-amd64-cygwin\jdk8u65\4987\hotspot\src\share\vm\runtime\reflection.cpp, line 1092]

Events (10 events):
Event: 410.532 Executing VM operation: RevokeBias
Event: 410.532 Executing VM operation: RevokeBias done
Event: 606.179 Thread 0x0000000014c3c800 flushing nmethod 0x00000000035d6790
Event: 607.102 Thread 0x0000000014c3c800 flushing nmethod 0x0000000003656050
Event: 875.445 Executing VM operation: ParallelGCFailedAllocation
Event: 875.489 Executing VM operation: ParallelGCFailedAllocation done
Event: 1287.461 Thread 0x0000000014c3c800 flushing nmethod 0x0000000003641190
Event: 1378.151 Executing VM operation: ParallelGCFailedAllocation
Event: 1378.186 Executing VM operation: ParallelGCFailedAllocation done
Event: 1863.744 Executing VM operation: ParallelGCFailedAllocation


Dynamic libraries:
0x00007ff6e30f0000 - 0x00007ff6e3127000 	C:\Program Files\Java\jdk1.8.0_65\bin\java.exe
0x00007ffc4c700000 - 0x00007ffc4c8c2000 	C:\WINDOWS\SYSTEM32\ntdll.dll
0x00007ffc4c560000 - 0x00007ffc4c60d000 	C:\WINDOWS\system32\KERNEL32.DLL
0x00007ffc495c0000 - 0x00007ffc4979d000 	C:\WINDOWS\system32\KERNELBASE.dll
0x00007ffc4c4b0000 - 0x00007ffc4c556000 	C:\WINDOWS\system32\ADVAPI32.dll
0x00007ffc4c0b0000 - 0x00007ffc4c14d000 	C:\WINDOWS\system32\msvcrt.dll
0x00007ffc4c450000 - 0x00007ffc4c4ab000 	C:\WINDOWS\system32\sechost.dll
0x00007ffc4a2e0000 - 0x00007ffc4a406000 	C:\WINDOWS\system32\RPCRT4.dll
0x00007ffc4ba00000 - 0x00007ffc4bb4e000 	C:\WINDOWS\system32\USER32.dll
0x00007ffc49f70000 - 0x00007ffc4a0f5000 	C:\WINDOWS\system32\GDI32.dll
0x00007ffc3b2b0000 - 0x00007ffc3b524000 	C:\WINDOWS\WinSxS\amd64_microsoft.windows.common-controls_6595b64144ccf1df_6.0.10240.16384_none_f41f7b285750ef43\COMCTL32.dll
0x00007ffc49dd0000 - 0x00007ffc49e06000 	C:\WINDOWS\system32\IMM32.DLL
0x00007ffc49e10000 - 0x00007ffc49f6c000 	C:\WINDOWS\system32\MSCTF.dll
0x0000000062560000 - 0x0000000062632000 	C:\Program Files\Java\jdk1.8.0_65\jre\bin\msvcr100.dll
0x00000000615f0000 - 0x0000000061e79000 	C:\Program Files\Java\jdk1.8.0_65\jre\bin\server\jvm.dll
0x00007ffc4c610000 - 0x00007ffc4c618000 	C:\WINDOWS\system32\PSAPI.DLL
0x00007ffc33b30000 - 0x00007ffc33b39000 	C:\WINDOWS\SYSTEM32\WSOCK32.dll
0x00007ffc38000000 - 0x00007ffc38023000 	C:\WINDOWS\SYSTEM32\WINMM.dll
0x00007ffc4c620000 - 0x00007ffc4c689000 	C:\WINDOWS\system32\WS2_32.dll
0x00007ffc4a2d0000 - 0x00007ffc4a2d8000 	C:\WINDOWS\system32\NSI.dll
0x00007ffc3f540000 - 0x00007ffc3f54a000 	C:\WINDOWS\SYSTEM32\VERSION.dll
0x00007ffc37fd0000 - 0x00007ffc37ffc000 	C:\WINDOWS\SYSTEM32\WINMMBASE.dll
0x00007ffc49570000 - 0x00007ffc495b4000 	C:\WINDOWS\system32\cfgmgr32.dll
0x00007ffc47a00000 - 0x00007ffc47a27000 	C:\WINDOWS\SYSTEM32\DEVOBJ.dll
0x0000000062550000 - 0x000000006255f000 	C:\Program Files\Java\jdk1.8.0_65\jre\bin\verify.dll
0x0000000062520000 - 0x0000000062549000 	C:\Program Files\Java\jdk1.8.0_65\jre\bin\java.dll
0x0000000062500000 - 0x0000000062516000 	C:\Program Files\Java\jdk1.8.0_65\jre\bin\zip.dll
0x00007ffc4a4d0000 - 0x00007ffc4b9f5000 	C:\WINDOWS\system32\SHELL32.dll
0x00007ffc497a0000 - 0x00007ffc49dc8000 	C:\WINDOWS\system32\windows.storage.dll
0x00007ffc4c1b0000 - 0x00007ffc4c42c000 	C:\WINDOWS\system32\combase.dll
0x00007ffc4c150000 - 0x00007ffc4c1a1000 	C:\WINDOWS\system32\shlwapi.dll
0x00007ffc49180000 - 0x00007ffc4918f000 	C:\WINDOWS\system32\kernel.appcore.dll
0x00007ffc49400000 - 0x00007ffc494b3000 	C:\WINDOWS\system32\shcore.dll
0x00007ffc49130000 - 0x00007ffc4917a000 	C:\WINDOWS\system32\powrprof.dll
0x00007ffc491b0000 - 0x00007ffc491c3000 	C:\WINDOWS\system32\profapi.dll
0x00000000623d0000 - 0x00000000623dd000 	C:\Program Files\Java\jdk1.8.0_65\jre\bin\management.dll
0x00000000624e0000 - 0x00000000624fa000 	C:\Program Files\Java\jdk1.8.0_65\jre\bin\net.dll
0x00007ffc489a0000 - 0x00007ffc489fd000 	C:\WINDOWS\system32\mswsock.dll
0x00007ffc3d3c0000 - 0x00007ffc3d3d5000 	C:\WINDOWS\system32\napinsp.dll
0x00007ffc3d3a0000 - 0x00007ffc3d3ba000 	C:\WINDOWS\system32\pnrpnsp.dll
0x00007ffc44fe0000 - 0x00007ffc44ff8000 	C:\WINDOWS\system32\NLAapi.dll
0x00007ffc48760000 - 0x00007ffc48808000 	C:\WINDOWS\SYSTEM32\DNSAPI.dll
0x00007ffc3d390000 - 0x00007ffc3d39d000 	C:\WINDOWS\System32\winrnr.dll
0x00007ffc3d370000 - 0x00007ffc3d385000 	C:\WINDOWS\system32\wshbth.dll
0x00007ffc3ff20000 - 0x00007ffc3ff2a000 	C:\Windows\System32\rasadhlp.dll
0x00007ffc449a0000 - 0x00007ffc449d8000 	C:\WINDOWS\SYSTEM32\IPHLPAPI.DLL
0x00007ffc44c80000 - 0x00007ffc44c8b000 	C:\WINDOWS\SYSTEM32\WINNSI.DLL
0x00007ffc43530000 - 0x00007ffc43598000 	C:\WINDOWS\System32\fwpuclnt.dll
0x00007ffc49060000 - 0x00007ffc49088000 	C:\WINDOWS\SYSTEM32\bcrypt.dll
0x00000000624c0000 - 0x00000000624d1000 	C:\Program Files\Java\jdk1.8.0_65\jre\bin\nio.dll
0x00007ffc48a00000 - 0x00007ffc48a17000 	C:\WINDOWS\SYSTEM32\CRYPTSP.dll
0x00007ffc485f0000 - 0x00007ffc48623000 	C:\WINDOWS\system32\rsaenh.dll
0x00007ffc48740000 - 0x00007ffc4875f000 	C:\WINDOWS\SYSTEM32\USERENV.dll
0x00007ffc48f50000 - 0x00007ffc48fbb000 	C:\WINDOWS\system32\bcryptprimitives.dll
0x00007ffc48b50000 - 0x00007ffc48b5b000 	C:\WINDOWS\SYSTEM32\CRYPTBASE.dll
0x00007ffc44410000 - 0x00007ffc44426000 	C:\WINDOWS\SYSTEM32\dhcpcsvc6.DLL
0x00007ffc448c0000 - 0x00007ffc448da000 	C:\WINDOWS\SYSTEM32\dhcpcsvc.DLL
0x00007ffc3e340000 - 0x00007ffc3e4ca000 	C:\WINDOWS\SYSTEM32\dbghelp.dll

VM Arguments:
java_command: com.mac.green_leaves.Application
java_class_path (initial): E:\SVISION_PROJECTS\green_leaves\GREEN_LEAVES\target\classes;C:\Users\Don\.m2\repository\org\springframework\boot\spring-boot-starter-web\1.4.0.RELEASE\spring-boot-starter-web-1.4.0.RELEASE.jar;C:\Users\Don\.m2\repository\org\springframework\boot\spring-boot-starter\1.4.0.RELEASE\spring-boot-starter-1.4.0.RELEASE.jar;C:\Users\Don\.m2\repository\org\springframework\boot\spring-boot-starter-logging\1.4.0.RELEASE\spring-boot-starter-logging-1.4.0.RELEASE.jar;C:\Users\Don\.m2\repository\ch\qos\logback\logback-classic\1.1.7\logback-classic-1.1.7.jar;C:\Users\Don\.m2\repository\ch\qos\logback\logback-core\1.1.7\logback-core-1.1.7.jar;C:\Users\Don\.m2\repository\org\slf4j\jul-to-slf4j\1.7.21\jul-to-slf4j-1.7.21.jar;C:\Users\Don\.m2\repository\org\slf4j\log4j-over-slf4j\1.7.21\log4j-over-slf4j-1.7.21.jar;C:\Users\Don\.m2\repository\org\springframework\spring-core\4.3.2.RELEASE\spring-core-4.3.2.RELEASE.jar;C:\Users\Don\.m2\repository\org\yaml\snakeyaml\1.17\snakeyaml-1.17.jar;C:\Users\Don\.m2\repository\org\springframework\boot\spring-boot-starter-tomcat\1.4.0.RELEASE\spring-boot-starter-tomcat-1.4.0.RELEASE.jar;C:\Users\Don\.m2\repository\org\apache\tomcat\embed\tomcat-embed-core\8.5.4\tomcat-embed-core-8.5.4.jar;C:\Users\Don\.m2\repository\org\apache\tomcat\embed\tomcat-embed-el\8.5.4\tomcat-embed-el-8.5.4.jar;C:\Users\Don\.m2\repository\org\apache\tomcat\embed\tomcat-embed-websocket\8.5.4\tomcat-embed-websocket-8.5.4.jar;C:\Users\Don\.m2\repository\org\hibernate\hibernate-validator\5.2.4.Final\hibernate-validator-5.2.4.Final.jar;C:\Users\Don\.m2\repository\javax\validation\validation-api\1.1.0.Final\validation-api-1.1.0.Final.jar;C:\Users\Don\.m2\repository\org\jboss\logging\jboss-logging\3.3.0.Final\jboss-logging-3.3.0.Final.jar;C:\Users\Don\.m2\repository\com\fasterxml\classmate\1.3.1\classmate-1.3.1.jar;C:\Users\Don\.m2\repository\com\fasterxml\jackson\core\jackson-databind\2.8.1\jackson-databind-2.8.1.jar;C:\Users\Don\.m2\repository\com\f
Launcher Type: SUN_STANDARD

Environment Variables:
JAVA_HOME=C:\Program Files\Java\jdk1.8.0_65
PATH=C:\ProgramData\Oracle\Java\javapath;C:\WINDOWS\system32;C:\WINDOWS;C:\WINDOWS\System32\Wbem;C:\WINDOWS\System32\WindowsPowerShell\v1.0\;C:\Program Files\Java\jdk1.8.0_65\bin;C:\Program Files\Git\cmd;C:\Program Files\nodejs\;C:\Program Files (x86)\Brackets\command;C:\Users\Don\AppData\Roaming\npm
USERNAME=Don
OS=Windows_NT
PROCESSOR_IDENTIFIER=Intel64 Family 6 Model 61 Stepping 4, GenuineIntel



---------------  S Y S T E M  ---------------

OS: Windows 10.0 , 64 bit Build 10240 (10.0.10240.16384)

CPU:total 4 (2 cores per cpu, 2 threads per core) family 6 model 61 stepping 4, cmov, cx8, fxsr, mmx, sse, sse2, sse3, ssse3, sse4.1, sse4.2, popcnt, avx, avx2, aes, clmul, erms, 3dnowpref, lzcnt, ht, tsc, tscinvbit, bmi1, bmi2, adx

Memory: 4k page, physical 4103580k(1082412k free), swap 7118236k(2428912k free)

vm_info: Java HotSpot(TM) 64-Bit Server VM (25.65-b01) for windows-amd64 JRE (1.8.0_65-b17), built on Oct  6 2015 16:39:20 by "java_re" with MS VC++ 10.0 (VS2010)

time: Fri Jan 20 16:23:37 2017
elapsed time: 1864 seconds (0d 0h 31m 4s)

